24-11-10.00:05:44.910 [org.springframework.amqp.rabbit.RabbitListenerEndpointContainer#1-1] INFO  RebateMessageCustomer  - 监听用户的行为返利消息 topic:send_rebate message:{"data":{"bizId":"xiaofuge_sku_20241110","rebateConfig":"9011","rebateType":"sku","userId":"xiaofuge"},"id":"36240295084","timestamp":1731168344689}
24-11-10.00:05:44.946 [org.springframework.amqp.rabbit.RabbitListenerEndpointContainer#1-1] INFO  ActivityBaseActionChain - 活动责任链-基础信息【有效期， 状态】校验开始: sku:9011, activityId:100301
24-11-10.00:05:44.946 [org.springframework.amqp.rabbit.RabbitListenerEndpointContainer#1-1] INFO  ActivitySkuStockActionChain - 活动责任链-商品库存处理【校验&扣减】开始。sku:9011, activityId:100301
24-11-10.00:05:44.953 [org.springframework.amqp.rabbit.RabbitListenerEndpointContainer#1-1] INFO  ActivitySkuStockActionChain - 活动责任链-商品库存处理【校验&扣减】成功。sku:9011, activityId:100301
24-11-10.00:05:50.002 [scheduling-1    ] INFO  UpdateActivitySkuStockJob - 定时任务， 更新活动sku库存 sku:9011 activityId:100301
24-11-10.00:07:00.300 [main            ] INFO  RaffleActivityControllerTest - Starting RaffleActivityControllerTest using Java 1.8.0_432 on myarch with PID 394469 (started by mufen in /home/mufen/Downloads/big-market/big-market-app)
24-11-10.00:07:00.302 [main            ] INFO  RaffleActivityControllerTest - The following 1 profile is active: "dev"
24-11-10.00:07:01.651 [main            ] INFO  RepositoryConfigurationDelegate - Multiple Spring Data modules found, entering strict repository configuration mode
24-11-10.00:07:01.655 [main            ] INFO  RepositoryConfigurationDelegate - Bootstrapping Spring Data Redis repositories in DEFAULT mode.
24-11-10.00:07:01.718 [main            ] INFO  RepositoryConfigurationDelegate - Finished Spring Data repository scanning in 34 ms. Found 0 Redis repository interfaces.
24-11-10.00:07:03.657 [main            ] INFO  Version                - Redisson 3.23.4
24-11-10.00:07:03.953 [redisson-netty-2-4] INFO  MasterPubSubConnectionPool - 1 connections initialized for 127.0.0.1/127.0.0.1:16379
24-11-10.00:07:03.970 [redisson-netty-2-13] INFO  MasterConnectionPool   - 5 connections initialized for 127.0.0.1/127.0.0.1:16379
24-11-10.00:07:07.202 [main            ] INFO  EndpointLinksResolver  - Exposing 1 endpoint(s) beneath base path '/actuator'
24-11-10.00:07:07.278 [main            ] INFO  CachingConnectionFactory - Attempting to connect to: [127.0.0.1:5672]
24-11-10.00:07:07.327 [main            ] INFO  CachingConnectionFactory - Created new connection: rabbitConnectionFactory#7ad889be:0/SimpleConnection@1ff81b0d [delegate=amqp://admin@127.0.0.1:5672/, localPort= 59486]
24-11-10.00:07:07.430 [main            ] INFO  RaffleActivityControllerTest - Started RaffleActivityControllerTest in 7.721 seconds (JVM running for 8.574)
24-11-10.00:07:07.629 [main            ] INFO  RaffleActivityController - 日历签到返利开始 userId:xiaofuge
24-11-10.00:07:07.657 [main            ] INFO  HikariDataSource       - Retail_HikariCP - Starting...
24-11-10.00:07:07.896 [main            ] INFO  HikariDataSource       - Retail_HikariCP - Start completed.
24-11-10.00:07:07.931 [main            ] INFO  HikariDataSource       - Retail_HikariCP - Starting...
24-11-10.00:07:07.953 [main            ] INFO  HikariDataSource       - Retail_HikariCP - Start completed.
24-11-10.00:07:08.005 [main            ] ERROR BehaviorRebateRepository - 写入返利记录，唯一索引冲突 userId: xiaofuge
org.springframework.dao.DuplicateKeyException: 
### Error updating database.  Cause: java.sql.SQLIntegrityConstraintViolationException: Duplicate entry 'xiaofuge_sku_20241110' for key 'user_behavior_rebate_order_001.uq_biz_id'
### The error may exist in file [/home/mufen/Downloads/big-market/big-market-app/target/classes/mybatis/mapper/user_behavior_rebate_order_mapper.xml]
### The error may involve site.mufen.infrastructure.persistent.dao.IUserBehaviorRebateOrderDao.insert-Inline
### The error occurred while setting parameters
### SQL: insert into user_behavior_rebate_order_001(user_id, order_id, behavior_type, rebate_desc, rebate_type, rebate_config, biz_id, create_time, update_time)         VALUES (?, ?, ?, ?, ?, ?, ?, now(), now())
### Cause: java.sql.SQLIntegrityConstraintViolationException: Duplicate entry 'xiaofuge_sku_20241110' for key 'user_behavior_rebate_order_001.uq_biz_id'
; Duplicate entry 'xiaofuge_sku_20241110' for key 'user_behavior_rebate_order_001.uq_biz_id'; nested exception is java.sql.SQLIntegrityConstraintViolationException: Duplicate entry 'xiaofuge_sku_20241110' for key 'user_behavior_rebate_order_001.uq_biz_id'
	at org.springframework.jdbc.support.SQLErrorCodeSQLExceptionTranslator.doTranslate(SQLErrorCodeSQLExceptionTranslator.java:247)
	at org.springframework.jdbc.support.AbstractFallbackSQLExceptionTranslator.translate(AbstractFallbackSQLExceptionTranslator.java:70)
	at org.mybatis.spring.MyBatisExceptionTranslator.translateExceptionIfPossible(MyBatisExceptionTranslator.java:91)
	at org.mybatis.spring.SqlSessionTemplate$SqlSessionInterceptor.invoke(SqlSessionTemplate.java:441)
	at com.sun.proxy.$Proxy113.insert(Unknown Source)
	at org.mybatis.spring.SqlSessionTemplate.insert(SqlSessionTemplate.java:272)
	at org.apache.ibatis.binding.MapperMethod.execute(MapperMethod.java:62)
	at org.apache.ibatis.binding.MapperProxy$PlainMethodInvoker.invoke(MapperProxy.java:152)
	at org.apache.ibatis.binding.MapperProxy.invoke(MapperProxy.java:85)
	at com.sun.proxy.$Proxy144.insert(Unknown Source)
	at site.mufen.infrastructure.persistent.repository.BehaviorRebateRepository.lambda$saveUserRebateRecord$0(BehaviorRebateRepository.java:85)
	at org.springframework.transaction.support.TransactionTemplate.execute(TransactionTemplate.java:140)
	at site.mufen.infrastructure.persistent.repository.BehaviorRebateRepository.saveUserRebateRecord(BehaviorRebateRepository.java:72)
	at site.mufen.infrastructure.persistent.repository.BehaviorRebateRepository$$FastClassBySpringCGLIB$$cde985e9.invoke(<generated>)
	at org.springframework.cglib.proxy.MethodProxy.invoke(MethodProxy.java:218)
	at org.springframework.aop.framework.CglibAopProxy$CglibMethodInvocation.invokeJoinpoint(CglibAopProxy.java:793)
	at org.springframework.aop.framework.ReflectiveMethodInvocation.proceed(ReflectiveMethodInvocation.java:163)
	at org.springframework.aop.framework.CglibAopProxy$CglibMethodInvocation.proceed(CglibAopProxy.java:763)
	at org.springframework.dao.support.PersistenceExceptionTranslationInterceptor.invoke(PersistenceExceptionTranslationInterceptor.java:137)
	at org.springframework.aop.framework.ReflectiveMethodInvocation.proceed(ReflectiveMethodInvocation.java:186)
	at org.springframework.aop.framework.CglibAopProxy$CglibMethodInvocation.proceed(CglibAopProxy.java:763)
	at org.springframework.aop.framework.CglibAopProxy$DynamicAdvisedInterceptor.intercept(CglibAopProxy.java:708)
	at site.mufen.infrastructure.persistent.repository.BehaviorRebateRepository$$EnhancerBySpringCGLIB$$796bfbb.saveUserRebateRecord(<generated>)
	at site.mufen.domain.rebate.service.BehaviorRebateService.createOrder(BehaviorRebateService.java:91)
	at site.mufen.trigger.http.RaffleActivityController.calendarSignRebate(RaffleActivityController.java:183)
	at site.mufen.test.trigger.RaffleActivityControllerTest.test_calendarSignRebate(RaffleActivityControllerTest.java:48)
	at sun.reflect.NativeMethodAccessorImpl.invoke0(Native Method)
	at sun.reflect.NativeMethodAccessorImpl.invoke(NativeMethodAccessorImpl.java:62)
	at sun.reflect.DelegatingMethodAccessorImpl.invoke(DelegatingMethodAccessorImpl.java:43)
	at java.lang.reflect.Method.invoke(Method.java:498)
	at org.junit.runners.model.FrameworkMethod$1.runReflectiveCall(FrameworkMethod.java:59)
	at org.junit.internal.runners.model.ReflectiveCallable.run(ReflectiveCallable.java:12)
	at org.junit.runners.model.FrameworkMethod.invokeExplosively(FrameworkMethod.java:56)
	at org.junit.internal.runners.statements.InvokeMethod.evaluate(InvokeMethod.java:17)
	at org.springframework.test.context.junit4.statements.RunBeforeTestExecutionCallbacks.evaluate(RunBeforeTestExecutionCallbacks.java:74)
	at org.springframework.test.context.junit4.statements.RunAfterTestExecutionCallbacks.evaluate(RunAfterTestExecutionCallbacks.java:84)
	at org.springframework.test.context.junit4.statements.RunBeforeTestMethodCallbacks.evaluate(RunBeforeTestMethodCallbacks.java:75)
	at org.springframework.test.context.junit4.statements.RunAfterTestMethodCallbacks.evaluate(RunAfterTestMethodCallbacks.java:86)
	at org.springframework.test.context.junit4.statements.SpringRepeat.evaluate(SpringRepeat.java:84)
	at org.junit.runners.ParentRunner.runLeaf(ParentRunner.java:366)
	at org.springframework.test.context.junit4.SpringJUnit4ClassRunner.runChild(SpringJUnit4ClassRunner.java:251)
	at org.springframework.test.context.junit4.SpringJUnit4ClassRunner.runChild(SpringJUnit4ClassRunner.java:97)
	at org.junit.runners.ParentRunner$4.run(ParentRunner.java:331)
	at org.junit.runners.ParentRunner$1.schedule(ParentRunner.java:79)
	at org.junit.runners.ParentRunner.runChildren(ParentRunner.java:329)
	at org.junit.runners.ParentRunner.access$100(ParentRunner.java:66)
	at org.junit.runners.ParentRunner$2.evaluate(ParentRunner.java:293)
	at org.springframework.test.context.junit4.statements.RunBeforeTestClassCallbacks.evaluate(RunBeforeTestClassCallbacks.java:61)
	at org.springframework.test.context.junit4.statements.RunAfterTestClassCallbacks.evaluate(RunAfterTestClassCallbacks.java:70)
	at org.junit.runners.ParentRunner$3.evaluate(ParentRunner.java:306)
	at org.junit.runners.ParentRunner.run(ParentRunner.java:413)
	at org.springframework.test.context.junit4.SpringJUnit4ClassRunner.run(SpringJUnit4ClassRunner.java:190)
	at org.junit.runner.JUnitCore.run(JUnitCore.java:137)
	at com.intellij.junit4.JUnit4IdeaTestRunner.startRunnerWithArgs(JUnit4IdeaTestRunner.java:69)
	at com.intellij.rt.junit.IdeaTestRunner$Repeater$1.execute(IdeaTestRunner.java:38)
	at com.intellij.rt.execution.junit.TestsRepeater.repeat(TestsRepeater.java:11)
	at com.intellij.rt.junit.IdeaTestRunner$Repeater.startRunnerWithArgs(IdeaTestRunner.java:35)
	at com.intellij.rt.junit.JUnitStarter.prepareStreamsAndStart(JUnitStarter.java:232)
	at com.intellij.rt.junit.JUnitStarter.main(JUnitStarter.java:55)
Caused by: java.sql.SQLIntegrityConstraintViolationException: Duplicate entry 'xiaofuge_sku_20241110' for key 'user_behavior_rebate_order_001.uq_biz_id'
	at com.mysql.cj.jdbc.exceptions.SQLError.createSQLException(SQLError.java:117)
	at com.mysql.cj.jdbc.exceptions.SQLError.createSQLException(SQLError.java:97)
	at com.mysql.cj.jdbc.exceptions.SQLExceptionsMapping.translateException(SQLExceptionsMapping.java:122)
	at com.mysql.cj.jdbc.ClientPreparedStatement.executeInternal(ClientPreparedStatement.java:953)
	at com.mysql.cj.jdbc.ClientPreparedStatement.execute(ClientPreparedStatement.java:370)
	at com.zaxxer.hikari.pool.ProxyPreparedStatement.execute(ProxyPreparedStatement.java:44)
	at com.zaxxer.hikari.pool.HikariProxyPreparedStatement.execute(HikariProxyPreparedStatement.java)
	at org.apache.ibatis.executor.statement.PreparedStatementHandler.update(PreparedStatementHandler.java:47)
	at org.apache.ibatis.executor.statement.RoutingStatementHandler.update(RoutingStatementHandler.java:74)
	at sun.reflect.NativeMethodAccessorImpl.invoke0(Native Method)
	at sun.reflect.NativeMethodAccessorImpl.invoke(NativeMethodAccessorImpl.java:62)
	at sun.reflect.DelegatingMethodAccessorImpl.invoke(DelegatingMethodAccessorImpl.java:43)
	at java.lang.reflect.Method.invoke(Method.java:498)
	at org.apache.ibatis.plugin.Plugin.invoke(Plugin.java:63)
	at com.sun.proxy.$Proxy207.update(Unknown Source)
	at org.apache.ibatis.executor.SimpleExecutor.doUpdate(SimpleExecutor.java:50)
	at org.apache.ibatis.executor.BaseExecutor.update(BaseExecutor.java:117)
	at org.apache.ibatis.executor.CachingExecutor.update(CachingExecutor.java:76)
	at org.apache.ibatis.session.defaults.DefaultSqlSession.update(DefaultSqlSession.java:197)
	at org.apache.ibatis.session.defaults.DefaultSqlSession.insert(DefaultSqlSession.java:184)
	at sun.reflect.NativeMethodAccessorImpl.invoke0(Native Method)
	at sun.reflect.NativeMethodAccessorImpl.invoke(NativeMethodAccessorImpl.java:62)
	at sun.reflect.DelegatingMethodAccessorImpl.invoke(DelegatingMethodAccessorImpl.java:43)
	at java.lang.reflect.Method.invoke(Method.java:498)
	at org.mybatis.spring.SqlSessionTemplate$SqlSessionInterceptor.invoke(SqlSessionTemplate.java:427)
	... 55 common frames omitted
24-11-10.00:07:08.016 [main            ] ERROR RaffleActivityController - 日历签到返利异常 userId:xiaofuge
24-11-10.00:07:08.213 [main            ] INFO  RaffleActivityControllerTest - 测试结果：{"code":"0003","data":false}
24-11-10.00:07:08.232 [org.springframework.amqp.rabbit.RabbitListenerEndpointContainer#0-2] INFO  SimpleMessageListenerContainer - Waiting for workers to finish.
24-11-10.00:07:08.233 [org.springframework.amqp.rabbit.RabbitListenerEndpointContainer#1-2] INFO  SimpleMessageListenerContainer - Waiting for workers to finish.
24-11-10.00:07:08.234 [org.springframework.amqp.rabbit.RabbitListenerEndpointContainer#2-2] INFO  SimpleMessageListenerContainer - Waiting for workers to finish.
24-11-10.00:07:08.389 [org.springframework.amqp.rabbit.RabbitListenerEndpointContainer#0-2] INFO  SimpleMessageListenerContainer - Successfully waited for workers to finish.
24-11-10.00:07:08.393 [org.springframework.amqp.rabbit.RabbitListenerEndpointContainer#1-2] INFO  SimpleMessageListenerContainer - Successfully waited for workers to finish.
24-11-10.00:07:08.404 [org.springframework.amqp.rabbit.RabbitListenerEndpointContainer#2-2] INFO  SimpleMessageListenerContainer - Successfully waited for workers to finish.
24-11-10.00:07:08.407 [SpringApplicationShutdownHook] INFO  SimpleMessageListenerContainer - Shutdown ignored - container is already stopped
24-11-10.00:07:08.407 [SpringApplicationShutdownHook] INFO  SimpleMessageListenerContainer - Shutdown ignored - container is already stopped
24-11-10.00:07:08.407 [SpringApplicationShutdownHook] INFO  SimpleMessageListenerContainer - Shutdown ignored - container is already stopped
24-11-10.00:08:10.311 [org.springframework.amqp.rabbit.RabbitListenerEndpointContainer#0-2] INFO  SimpleMessageListenerContainer - Waiting for workers to finish.
24-11-10.00:08:10.314 [org.springframework.amqp.rabbit.RabbitListenerEndpointContainer#2-2] INFO  SimpleMessageListenerContainer - Waiting for workers to finish.
24-11-10.00:08:10.318 [org.springframework.amqp.rabbit.RabbitListenerEndpointContainer#1-2] INFO  SimpleMessageListenerContainer - Waiting for workers to finish.
24-11-10.00:08:10.457 [org.springframework.amqp.rabbit.RabbitListenerEndpointContainer#0-2] INFO  SimpleMessageListenerContainer - Successfully waited for workers to finish.
24-11-10.00:08:10.493 [org.springframework.amqp.rabbit.RabbitListenerEndpointContainer#2-2] INFO  SimpleMessageListenerContainer - Successfully waited for workers to finish.
24-11-10.00:08:11.002 [org.springframework.amqp.rabbit.RabbitListenerEndpointContainer#1-2] INFO  SimpleMessageListenerContainer - Successfully waited for workers to finish.
24-11-10.00:08:11.016 [SpringApplicationShutdownHook] INFO  SimpleMessageListenerContainer - Shutdown ignored - container is already stopped
24-11-10.00:08:11.018 [SpringApplicationShutdownHook] INFO  SimpleMessageListenerContainer - Shutdown ignored - container is already stopped
24-11-10.00:08:11.018 [SpringApplicationShutdownHook] INFO  SimpleMessageListenerContainer - Shutdown ignored - container is already stopped
