24-11-10.00:05:38.134 [main            ] INFO  RaffleActivityControllerTest - Starting RaffleActivityControllerTest using Java 1.8.0_432 on myarch with PID 393507 (started by mufen in /home/mufen/Downloads/big-market/big-market-app)
24-11-10.00:05:38.136 [main            ] INFO  RaffleActivityControllerTest - The following 1 profile is active: "dev"
24-11-10.00:05:39.455 [main            ] INFO  RepositoryConfigurationDelegate - Multiple Spring Data modules found, entering strict repository configuration mode
24-11-10.00:05:39.459 [main            ] INFO  RepositoryConfigurationDelegate - Bootstrapping Spring Data Redis repositories in DEFAULT mode.
24-11-10.00:05:39.509 [main            ] INFO  RepositoryConfigurationDelegate - Finished Spring Data repository scanning in 29 ms. Found 0 Redis repository interfaces.
24-11-10.00:05:40.881 [main            ] INFO  Version                - Redisson 3.23.4
24-11-10.00:05:41.035 [redisson-netty-2-5] INFO  MasterPubSubConnectionPool - 1 connections initialized for 127.0.0.1/127.0.0.1:16379
24-11-10.00:05:41.093 [redisson-netty-2-13] INFO  MasterConnectionPool   - 5 connections initialized for 127.0.0.1/127.0.0.1:16379
24-11-10.00:05:43.878 [main            ] INFO  EndpointLinksResolver  - Exposing 1 endpoint(s) beneath base path '/actuator'
24-11-10.00:05:43.961 [main            ] INFO  CachingConnectionFactory - Attempting to connect to: [127.0.0.1:5672]
24-11-10.00:05:44.044 [main            ] INFO  CachingConnectionFactory - Created new connection: rabbitConnectionFactory#25de8898:0/SimpleConnection@924f3f1 [delegate=amqp://admin@127.0.0.1:5672/, localPort= 58776]
24-11-10.00:05:44.173 [main            ] INFO  RaffleActivityControllerTest - Started RaffleActivityControllerTest in 6.593 seconds (JVM running for 7.485)
24-11-10.00:05:44.382 [main            ] INFO  RaffleActivityController - 日历签到返利开始 userId:xiaofuge
24-11-10.00:05:44.409 [main            ] INFO  HikariDataSource       - Retail_HikariCP - Starting...
24-11-10.00:05:44.656 [main            ] INFO  HikariDataSource       - Retail_HikariCP - Start completed.
24-11-10.00:05:44.692 [main            ] INFO  HikariDataSource       - Retail_HikariCP - Starting...
24-11-10.00:05:44.712 [main            ] INFO  HikariDataSource       - Retail_HikariCP - Start completed.
24-11-10.00:05:44.898 [main            ] INFO  EventPublisher         - 发送MQ消息 topic: send_rebate, message: {"data":{"bizId":"xiaofuge_sku_20241110","rebateConfig":"9011","rebateType":"sku","userId":"xiaofuge"},"id":"36240295084","timestamp":1731168344689}
24-11-10.00:05:44.914 [main            ] INFO  EventPublisher         - 发送MQ消息 topic: send_rebate, message: {"data":{"bizId":"xiaofuge_integral_20241110","rebateConfig":"10","rebateType":"integral","userId":"xiaofuge"},"id":"35761284143","timestamp":1731168344691}
24-11-10.00:05:44.923 [main            ] INFO  RaffleActivityController - 日历签到返利完成 userId:xiaofuge orderIds:[289003621461, 532006601421]
24-11-10.00:05:44.926 [org.springframework.amqp.rabbit.RabbitListenerEndpointContainer#1-1] INFO  RebateMessageCustomer  - 监听用户的行为返利消息 topic:send_rebate message:{"data":{"bizId":"xiaofuge_integral_20241110","rebateConfig":"10","rebateType":"integral","userId":"xiaofuge"},"id":"35761284143","timestamp":1731168344691}
24-11-10.00:05:44.932 [main            ] INFO  RaffleActivityControllerTest - 测试结果：{"code":"0000","data":true,"info":"成功"}
24-11-10.00:05:44.952 [org.springframework.amqp.rabbit.RabbitListenerEndpointContainer#0-2] INFO  SimpleMessageListenerContainer - Waiting for workers to finish.
24-11-10.00:05:44.953 [org.springframework.amqp.rabbit.RabbitListenerEndpointContainer#1-2] INFO  SimpleMessageListenerContainer - Waiting for workers to finish.
24-11-10.00:05:44.955 [org.springframework.amqp.rabbit.RabbitListenerEndpointContainer#2-2] INFO  SimpleMessageListenerContainer - Waiting for workers to finish.
24-11-10.00:05:44.965 [org.springframework.amqp.rabbit.RabbitListenerEndpointContainer#1-1] INFO  RebateMessageCustomer  - 监听用户行为返利消息，非sku奖励暂时不处理 topic:send_rebate message: {"data":{"bizId":"xiaofuge_integral_20241110","rebateConfig":"10","rebateType":"integral","userId":"xiaofuge"},"id":"35761284143","timestamp":1731168344691}
24-11-10.00:05:44.969 [org.springframework.amqp.rabbit.RabbitListenerEndpointContainer#1-2] INFO  SimpleMessageListenerContainer - Successfully waited for workers to finish.
24-11-10.00:05:45.030 [pool-3-thread-2 ] INFO  HikariDataSource       - Retail_HikariCP - Starting...
24-11-10.00:05:45.040 [pool-3-thread-2 ] INFO  HikariDataSource       - Retail_HikariCP - Start completed.
24-11-10.00:05:45.130 [org.springframework.amqp.rabbit.RabbitListenerEndpointContainer#0-2] INFO  SimpleMessageListenerContainer - Successfully waited for workers to finish.
24-11-10.00:05:45.149 [org.springframework.amqp.rabbit.RabbitListenerEndpointContainer#2-2] INFO  SimpleMessageListenerContainer - Successfully waited for workers to finish.
24-11-10.00:05:45.152 [SpringApplicationShutdownHook] INFO  SimpleMessageListenerContainer - Shutdown ignored - container is already stopped
24-11-10.00:05:45.153 [SpringApplicationShutdownHook] INFO  SimpleMessageListenerContainer - Shutdown ignored - container is already stopped
24-11-10.00:05:45.153 [SpringApplicationShutdownHook] INFO  SimpleMessageListenerContainer - Shutdown ignored - container is already stopped
