24-11-04.01:29:01.149 [main            ] INFO  RaffleOrderTest        - Starting RaffleOrderTest using Java 1.8.0_432 on myarch with PID 324748 (started by mufen in /home/mufen/Downloads/big-market/big-market-app)
24-11-04.01:29:01.150 [main            ] INFO  RaffleOrderTest        - The following 1 profile is active: "dev"
24-11-04.01:29:02.278 [main            ] INFO  RepositoryConfigurationDelegate - Multiple Spring Data modules found, entering strict repository configuration mode
24-11-04.01:29:02.281 [main            ] INFO  RepositoryConfigurationDelegate - Bootstrapping Spring Data Redis repositories in DEFAULT mode.
24-11-04.01:29:02.317 [main            ] INFO  RepositoryConfigurationDelegate - Finished Spring Data repository scanning in 19 ms. Found 0 Redis repository interfaces.
24-11-04.01:29:04.360 [main            ] INFO  Version                - Redisson 3.23.4
24-11-04.01:29:04.601 [redisson-netty-2-4] INFO  MasterPubSubConnectionPool - 1 connections initialized for 127.0.0.1/127.0.0.1:16379
24-11-04.01:29:04.623 [redisson-netty-2-13] INFO  MasterConnectionPool   - 5 connections initialized for 127.0.0.1/127.0.0.1:16379
24-11-04.01:29:07.691 [main            ] INFO  EndpointLinksResolver  - Exposing 1 endpoint(s) beneath base path '/actuator'
24-11-04.01:29:07.784 [main            ] INFO  CachingConnectionFactory - Attempting to connect to: [127.0.0.1:5672]
24-11-04.01:29:07.851 [main            ] INFO  CachingConnectionFactory - Created new connection: rabbitConnectionFactory#4c2c44e8:0/SimpleConnection@286dfa20 [delegate=amqp://admin@127.0.0.1:5672/, localPort= 37882]
24-11-04.01:29:07.937 [main            ] INFO  RaffleOrderTest        - Started RaffleOrderTest in 7.17 seconds (JVM running for 7.869)
24-11-04.01:29:08.172 [main            ] INFO  HikariDataSource       - Retail_HikariCP - Starting...
24-11-04.01:29:08.464 [main            ] INFO  HikariDataSource       - Retail_HikariCP - Start completed.
24-11-04.01:29:08.585 [main            ] INFO  ActivityBaseActionChain - 活动责任链-基础信息【有效期， 状态】校验开始: sku:9011, activityId:100301
24-11-04.01:29:08.587 [main            ] WARN  RaffleOrderTest        - 活动尚未开启(非open状态)
24-11-04.01:29:08.625 [main            ] INFO  ActivityBaseActionChain - 活动责任链-基础信息【有效期， 状态】校验开始: sku:9011, activityId:100301
24-11-04.01:29:08.626 [main            ] WARN  RaffleOrderTest        - 活动尚未开启(非open状态)
24-11-04.01:29:08.631 [main            ] INFO  ActivityBaseActionChain - 活动责任链-基础信息【有效期， 状态】校验开始: sku:9011, activityId:100301
24-11-04.01:29:08.631 [main            ] WARN  RaffleOrderTest        - 活动尚未开启(非open状态)
24-11-04.01:29:08.636 [main            ] INFO  ActivityBaseActionChain - 活动责任链-基础信息【有效期， 状态】校验开始: sku:9011, activityId:100301
24-11-04.01:29:08.636 [main            ] WARN  RaffleOrderTest        - 活动尚未开启(非open状态)
24-11-04.01:29:08.641 [main            ] INFO  ActivityBaseActionChain - 活动责任链-基础信息【有效期， 状态】校验开始: sku:9011, activityId:100301
24-11-04.01:29:08.641 [main            ] WARN  RaffleOrderTest        - 活动尚未开启(非open状态)
24-11-04.01:29:08.646 [main            ] INFO  ActivityBaseActionChain - 活动责任链-基础信息【有效期， 状态】校验开始: sku:9011, activityId:100301
24-11-04.01:29:08.646 [main            ] WARN  RaffleOrderTest        - 活动尚未开启(非open状态)
24-11-04.01:29:08.651 [main            ] INFO  ActivityBaseActionChain - 活动责任链-基础信息【有效期， 状态】校验开始: sku:9011, activityId:100301
24-11-04.01:29:08.651 [main            ] WARN  RaffleOrderTest        - 活动尚未开启(非open状态)
24-11-04.01:29:08.657 [main            ] INFO  ActivityBaseActionChain - 活动责任链-基础信息【有效期， 状态】校验开始: sku:9011, activityId:100301
24-11-04.01:29:08.657 [main            ] WARN  RaffleOrderTest        - 活动尚未开启(非open状态)
24-11-04.01:29:08.662 [main            ] INFO  ActivityBaseActionChain - 活动责任链-基础信息【有效期， 状态】校验开始: sku:9011, activityId:100301
24-11-04.01:29:08.663 [main            ] WARN  RaffleOrderTest        - 活动尚未开启(非open状态)
24-11-04.01:29:08.668 [main            ] INFO  ActivityBaseActionChain - 活动责任链-基础信息【有效期， 状态】校验开始: sku:9011, activityId:100301
24-11-04.01:29:08.669 [main            ] WARN  RaffleOrderTest        - 活动尚未开启(非open状态)
24-11-04.01:29:08.674 [main            ] INFO  ActivityBaseActionChain - 活动责任链-基础信息【有效期， 状态】校验开始: sku:9011, activityId:100301
24-11-04.01:29:08.674 [main            ] WARN  RaffleOrderTest        - 活动尚未开启(非open状态)
24-11-04.01:29:08.681 [main            ] INFO  ActivityBaseActionChain - 活动责任链-基础信息【有效期， 状态】校验开始: sku:9011, activityId:100301
24-11-04.01:29:08.682 [main            ] WARN  RaffleOrderTest        - 活动尚未开启(非open状态)
24-11-04.01:29:08.686 [main            ] INFO  ActivityBaseActionChain - 活动责任链-基础信息【有效期， 状态】校验开始: sku:9011, activityId:100301
24-11-04.01:29:08.687 [main            ] WARN  RaffleOrderTest        - 活动尚未开启(非open状态)
24-11-04.01:29:08.693 [main            ] INFO  ActivityBaseActionChain - 活动责任链-基础信息【有效期， 状态】校验开始: sku:9011, activityId:100301
24-11-04.01:29:08.693 [main            ] WARN  RaffleOrderTest        - 活动尚未开启(非open状态)
24-11-04.01:29:08.698 [main            ] INFO  ActivityBaseActionChain - 活动责任链-基础信息【有效期， 状态】校验开始: sku:9011, activityId:100301
24-11-04.01:29:08.698 [main            ] WARN  RaffleOrderTest        - 活动尚未开启(非open状态)
24-11-04.01:29:08.708 [main            ] INFO  ActivityBaseActionChain - 活动责任链-基础信息【有效期， 状态】校验开始: sku:9011, activityId:100301
24-11-04.01:29:08.708 [main            ] WARN  RaffleOrderTest        - 活动尚未开启(非open状态)
24-11-04.01:29:08.717 [main            ] INFO  ActivityBaseActionChain - 活动责任链-基础信息【有效期， 状态】校验开始: sku:9011, activityId:100301
24-11-04.01:29:08.717 [main            ] WARN  RaffleOrderTest        - 活动尚未开启(非open状态)
24-11-04.01:29:08.721 [main            ] INFO  ActivityBaseActionChain - 活动责任链-基础信息【有效期， 状态】校验开始: sku:9011, activityId:100301
24-11-04.01:29:08.721 [main            ] WARN  RaffleOrderTest        - 活动尚未开启(非open状态)
24-11-04.01:29:08.725 [main            ] INFO  ActivityBaseActionChain - 活动责任链-基础信息【有效期， 状态】校验开始: sku:9011, activityId:100301
24-11-04.01:29:08.726 [main            ] WARN  RaffleOrderTest        - 活动尚未开启(非open状态)
24-11-04.01:29:08.730 [main            ] INFO  ActivityBaseActionChain - 活动责任链-基础信息【有效期， 状态】校验开始: sku:9011, activityId:100301
24-11-04.01:29:08.730 [main            ] WARN  RaffleOrderTest        - 活动尚未开启(非open状态)
24-11-04.01:29:10.000 [scheduling-1    ] INFO  UpdateAwardStockJob    - 定时任务，更新奖品库存 【延迟队列获取， 降低对数据库的更新频次，不要产生竞争】
24-11-04.01:29:10.013 [scheduling-1    ] INFO  UpdateActivitySkuStockJob - 定时任务， 更新活动sku库存【延迟队列获取，降低对数据库的更新频率，不要产生竞争】
24-11-04.01:29:15.001 [scheduling-1    ] INFO  UpdateActivitySkuStockJob - 定时任务， 更新活动sku库存【延迟队列获取，降低对数据库的更新频率，不要产生竞争】
24-11-04.01:29:15.003 [scheduling-1    ] INFO  UpdateAwardStockJob    - 定时任务，更新奖品库存 【延迟队列获取， 降低对数据库的更新频次，不要产生竞争】
24-11-04.01:29:20.000 [scheduling-1    ] INFO  UpdateAwardStockJob    - 定时任务，更新奖品库存 【延迟队列获取， 降低对数据库的更新频次，不要产生竞争】
24-11-04.01:29:20.002 [scheduling-1    ] INFO  UpdateActivitySkuStockJob - 定时任务， 更新活动sku库存【延迟队列获取，降低对数据库的更新频率，不要产生竞争】
24-11-04.01:29:25.000 [scheduling-1    ] INFO  UpdateActivitySkuStockJob - 定时任务， 更新活动sku库存【延迟队列获取，降低对数据库的更新频率，不要产生竞争】
24-11-04.01:29:25.002 [scheduling-1    ] INFO  UpdateAwardStockJob    - 定时任务，更新奖品库存 【延迟队列获取， 降低对数据库的更新频次，不要产生竞争】
24-11-04.01:29:30.000 [scheduling-1    ] INFO  UpdateAwardStockJob    - 定时任务，更新奖品库存 【延迟队列获取， 降低对数据库的更新频次，不要产生竞争】
24-11-04.01:29:30.002 [scheduling-1    ] INFO  UpdateActivitySkuStockJob - 定时任务， 更新活动sku库存【延迟队列获取，降低对数据库的更新频率，不要产生竞争】
24-11-04.01:29:35.000 [scheduling-1    ] INFO  UpdateAwardStockJob    - 定时任务，更新奖品库存 【延迟队列获取， 降低对数据库的更新频次，不要产生竞争】
24-11-04.01:29:35.002 [scheduling-1    ] INFO  UpdateActivitySkuStockJob - 定时任务， 更新活动sku库存【延迟队列获取，降低对数据库的更新频率，不要产生竞争】
24-11-04.01:29:40.000 [scheduling-1    ] INFO  UpdateAwardStockJob    - 定时任务，更新奖品库存 【延迟队列获取， 降低对数据库的更新频次，不要产生竞争】
24-11-04.01:29:40.002 [scheduling-1    ] INFO  UpdateActivitySkuStockJob - 定时任务， 更新活动sku库存【延迟队列获取，降低对数据库的更新频率，不要产生竞争】
24-11-04.01:29:42.801 [org.springframework.amqp.rabbit.RabbitListenerEndpointContainer#0-2] INFO  SimpleMessageListenerContainer - Waiting for workers to finish.
24-11-04.01:29:42.934 [org.springframework.amqp.rabbit.RabbitListenerEndpointContainer#0-2] INFO  SimpleMessageListenerContainer - Successfully waited for workers to finish.
24-11-04.01:29:42.938 [SpringApplicationShutdownHook] INFO  SimpleMessageListenerContainer - Shutdown ignored - container is already stopped
24-11-04.01:31:47.142 [main            ] INFO  RaffleOrderTest        - Starting RaffleOrderTest using Java 1.8.0_432 on myarch with PID 326676 (started by mufen in /home/mufen/Downloads/big-market/big-market-app)
24-11-04.01:31:47.143 [main            ] INFO  RaffleOrderTest        - The following 1 profile is active: "dev"
24-11-04.01:31:48.430 [main            ] INFO  RepositoryConfigurationDelegate - Multiple Spring Data modules found, entering strict repository configuration mode
24-11-04.01:31:48.434 [main            ] INFO  RepositoryConfigurationDelegate - Bootstrapping Spring Data Redis repositories in DEFAULT mode.
24-11-04.01:31:48.473 [main            ] INFO  RepositoryConfigurationDelegate - Finished Spring Data repository scanning in 20 ms. Found 0 Redis repository interfaces.
24-11-04.01:31:50.327 [main            ] INFO  Version                - Redisson 3.23.4
24-11-04.01:31:50.516 [redisson-netty-2-4] INFO  MasterPubSubConnectionPool - 1 connections initialized for 127.0.0.1/127.0.0.1:16379
24-11-04.01:31:50.531 [redisson-netty-2-13] INFO  MasterConnectionPool   - 5 connections initialized for 127.0.0.1/127.0.0.1:16379
24-11-04.01:31:53.038 [main            ] INFO  EndpointLinksResolver  - Exposing 1 endpoint(s) beneath base path '/actuator'
24-11-04.01:31:53.121 [main            ] INFO  CachingConnectionFactory - Attempting to connect to: [127.0.0.1:5672]
24-11-04.01:31:53.171 [main            ] INFO  CachingConnectionFactory - Created new connection: rabbitConnectionFactory#25d911a:0/SimpleConnection@774c5e5c [delegate=amqp://admin@127.0.0.1:5672/, localPort= 33162]
24-11-04.01:31:53.229 [main            ] INFO  RaffleOrderTest        - Started RaffleOrderTest in 6.673 seconds (JVM running for 8.695)
24-11-04.01:31:53.536 [main            ] INFO  HikariDataSource       - Retail_HikariCP - Starting...
24-11-04.01:31:53.811 [main            ] INFO  HikariDataSource       - Retail_HikariCP - Start completed.
24-11-04.01:31:53.894 [main            ] INFO  ActivityBaseActionChain - 活动责任链-基础信息【有效期， 状态】校验开始: sku:9011, activityId:100301
24-11-04.01:31:53.896 [main            ] WARN  RaffleOrderTest        - 活动尚未开启(非open状态)
24-11-04.01:31:53.900 [main            ] INFO  ActivityBaseActionChain - 活动责任链-基础信息【有效期， 状态】校验开始: sku:9011, activityId:100301
24-11-04.01:31:53.901 [main            ] WARN  RaffleOrderTest        - 活动尚未开启(非open状态)
24-11-04.01:31:53.904 [main            ] INFO  ActivityBaseActionChain - 活动责任链-基础信息【有效期， 状态】校验开始: sku:9011, activityId:100301
24-11-04.01:31:53.904 [main            ] WARN  RaffleOrderTest        - 活动尚未开启(非open状态)
24-11-04.01:31:53.907 [main            ] INFO  ActivityBaseActionChain - 活动责任链-基础信息【有效期， 状态】校验开始: sku:9011, activityId:100301
24-11-04.01:31:53.907 [main            ] WARN  RaffleOrderTest        - 活动尚未开启(非open状态)
24-11-04.01:31:53.910 [main            ] INFO  ActivityBaseActionChain - 活动责任链-基础信息【有效期， 状态】校验开始: sku:9011, activityId:100301
24-11-04.01:31:53.910 [main            ] WARN  RaffleOrderTest        - 活动尚未开启(非open状态)
24-11-04.01:31:53.915 [main            ] INFO  ActivityBaseActionChain - 活动责任链-基础信息【有效期， 状态】校验开始: sku:9011, activityId:100301
24-11-04.01:31:53.915 [main            ] WARN  RaffleOrderTest        - 活动尚未开启(非open状态)
24-11-04.01:31:53.920 [main            ] INFO  ActivityBaseActionChain - 活动责任链-基础信息【有效期， 状态】校验开始: sku:9011, activityId:100301
24-11-04.01:31:53.920 [main            ] WARN  RaffleOrderTest        - 活动尚未开启(非open状态)
24-11-04.01:31:53.924 [main            ] INFO  ActivityBaseActionChain - 活动责任链-基础信息【有效期， 状态】校验开始: sku:9011, activityId:100301
24-11-04.01:31:53.924 [main            ] WARN  RaffleOrderTest        - 活动尚未开启(非open状态)
24-11-04.01:31:53.929 [main            ] INFO  ActivityBaseActionChain - 活动责任链-基础信息【有效期， 状态】校验开始: sku:9011, activityId:100301
24-11-04.01:31:53.929 [main            ] WARN  RaffleOrderTest        - 活动尚未开启(非open状态)
24-11-04.01:31:53.934 [main            ] INFO  ActivityBaseActionChain - 活动责任链-基础信息【有效期， 状态】校验开始: sku:9011, activityId:100301
24-11-04.01:31:53.935 [main            ] WARN  RaffleOrderTest        - 活动尚未开启(非open状态)
24-11-04.01:31:53.940 [main            ] INFO  ActivityBaseActionChain - 活动责任链-基础信息【有效期， 状态】校验开始: sku:9011, activityId:100301
24-11-04.01:31:53.940 [main            ] WARN  RaffleOrderTest        - 活动尚未开启(非open状态)
24-11-04.01:31:53.945 [main            ] INFO  ActivityBaseActionChain - 活动责任链-基础信息【有效期， 状态】校验开始: sku:9011, activityId:100301
24-11-04.01:31:53.946 [main            ] WARN  RaffleOrderTest        - 活动尚未开启(非open状态)
24-11-04.01:31:53.951 [main            ] INFO  ActivityBaseActionChain - 活动责任链-基础信息【有效期， 状态】校验开始: sku:9011, activityId:100301
24-11-04.01:31:53.952 [main            ] WARN  RaffleOrderTest        - 活动尚未开启(非open状态)
24-11-04.01:31:53.957 [main            ] INFO  ActivityBaseActionChain - 活动责任链-基础信息【有效期， 状态】校验开始: sku:9011, activityId:100301
24-11-04.01:31:53.958 [main            ] WARN  RaffleOrderTest        - 活动尚未开启(非open状态)
24-11-04.01:31:53.962 [main            ] INFO  ActivityBaseActionChain - 活动责任链-基础信息【有效期， 状态】校验开始: sku:9011, activityId:100301
24-11-04.01:31:53.963 [main            ] WARN  RaffleOrderTest        - 活动尚未开启(非open状态)
24-11-04.01:31:53.972 [main            ] INFO  ActivityBaseActionChain - 活动责任链-基础信息【有效期， 状态】校验开始: sku:9011, activityId:100301
24-11-04.01:31:53.972 [main            ] WARN  RaffleOrderTest        - 活动尚未开启(非open状态)
24-11-04.01:31:53.977 [main            ] INFO  ActivityBaseActionChain - 活动责任链-基础信息【有效期， 状态】校验开始: sku:9011, activityId:100301
24-11-04.01:31:53.978 [main            ] WARN  RaffleOrderTest        - 活动尚未开启(非open状态)
24-11-04.01:31:53.982 [main            ] INFO  ActivityBaseActionChain - 活动责任链-基础信息【有效期， 状态】校验开始: sku:9011, activityId:100301
24-11-04.01:31:53.983 [main            ] WARN  RaffleOrderTest        - 活动尚未开启(非open状态)
24-11-04.01:31:53.988 [main            ] INFO  ActivityBaseActionChain - 活动责任链-基础信息【有效期， 状态】校验开始: sku:9011, activityId:100301
24-11-04.01:31:53.988 [main            ] WARN  RaffleOrderTest        - 活动尚未开启(非open状态)
24-11-04.01:31:53.992 [main            ] INFO  ActivityBaseActionChain - 活动责任链-基础信息【有效期， 状态】校验开始: sku:9011, activityId:100301
24-11-04.01:31:53.992 [main            ] WARN  RaffleOrderTest        - 活动尚未开启(非open状态)
24-11-04.01:31:55.000 [scheduling-1    ] INFO  UpdateAwardStockJob    - 定时任务，更新奖品库存 【延迟队列获取， 降低对数据库的更新频次，不要产生竞争】
24-11-04.01:31:55.010 [scheduling-1    ] INFO  UpdateActivitySkuStockJob - 定时任务， 更新活动sku库存【延迟队列获取，降低对数据库的更新频率，不要产生竞争】
24-11-04.01:32:00.000 [scheduling-1    ] INFO  UpdateActivitySkuStockJob - 定时任务， 更新活动sku库存【延迟队列获取，降低对数据库的更新频率，不要产生竞争】
24-11-04.01:32:00.001 [scheduling-1    ] INFO  UpdateAwardStockJob    - 定时任务，更新奖品库存 【延迟队列获取， 降低对数据库的更新频次，不要产生竞争】
24-11-04.01:32:05.000 [scheduling-1    ] INFO  UpdateAwardStockJob    - 定时任务，更新奖品库存 【延迟队列获取， 降低对数据库的更新频次，不要产生竞争】
24-11-04.01:32:05.002 [scheduling-1    ] INFO  UpdateActivitySkuStockJob - 定时任务， 更新活动sku库存【延迟队列获取，降低对数据库的更新频率，不要产生竞争】
24-11-04.01:32:10.000 [scheduling-1    ] INFO  UpdateAwardStockJob    - 定时任务，更新奖品库存 【延迟队列获取， 降低对数据库的更新频次，不要产生竞争】
24-11-04.01:32:10.002 [scheduling-1    ] INFO  UpdateActivitySkuStockJob - 定时任务， 更新活动sku库存【延迟队列获取，降低对数据库的更新频率，不要产生竞争】
24-11-04.01:32:14.636 [org.springframework.amqp.rabbit.RabbitListenerEndpointContainer#0-2] INFO  SimpleMessageListenerContainer - Waiting for workers to finish.
24-11-04.01:32:15.001 [scheduling-1    ] INFO  UpdateActivitySkuStockJob - 定时任务， 更新活动sku库存【延迟队列获取，降低对数据库的更新频率，不要产生竞争】
24-11-04.01:32:15.002 [scheduling-1    ] INFO  UpdateAwardStockJob    - 定时任务，更新奖品库存 【延迟队列获取， 降低对数据库的更新频次，不要产生竞争】
24-11-04.01:32:15.219 [org.springframework.amqp.rabbit.RabbitListenerEndpointContainer#0-2] INFO  SimpleMessageListenerContainer - Successfully waited for workers to finish.
24-11-04.01:32:15.222 [SpringApplicationShutdownHook] INFO  SimpleMessageListenerContainer - Shutdown ignored - container is already stopped
24-11-04.01:33:23.231 [main            ] INFO  RaffleOrderTest        - Starting RaffleOrderTest using Java 1.8.0_432 on myarch with PID 327859 (started by mufen in /home/mufen/Downloads/big-market/big-market-app)
24-11-04.01:33:23.233 [main            ] INFO  RaffleOrderTest        - The following 1 profile is active: "dev"
24-11-04.01:33:24.663 [main            ] INFO  RepositoryConfigurationDelegate - Multiple Spring Data modules found, entering strict repository configuration mode
24-11-04.01:33:24.669 [main            ] INFO  RepositoryConfigurationDelegate - Bootstrapping Spring Data Redis repositories in DEFAULT mode.
24-11-04.01:33:24.720 [main            ] INFO  RepositoryConfigurationDelegate - Finished Spring Data repository scanning in 29 ms. Found 0 Redis repository interfaces.
24-11-04.01:33:27.208 [main            ] INFO  Version                - Redisson 3.23.4
24-11-04.01:33:27.481 [redisson-netty-2-4] INFO  MasterPubSubConnectionPool - 1 connections initialized for 127.0.0.1/127.0.0.1:16379
24-11-04.01:33:27.501 [redisson-netty-2-13] INFO  MasterConnectionPool   - 5 connections initialized for 127.0.0.1/127.0.0.1:16379
24-11-04.01:33:30.115 [main            ] INFO  EndpointLinksResolver  - Exposing 1 endpoint(s) beneath base path '/actuator'
24-11-04.01:33:30.206 [main            ] INFO  CachingConnectionFactory - Attempting to connect to: [127.0.0.1:5672]
24-11-04.01:33:30.265 [main            ] INFO  CachingConnectionFactory - Created new connection: rabbitConnectionFactory#5c9e8a67:0/SimpleConnection@7bb25046 [delegate=amqp://admin@127.0.0.1:5672/, localPort= 58066]
24-11-04.01:33:30.339 [main            ] INFO  RaffleOrderTest        - Started RaffleOrderTest in 7.753 seconds (JVM running for 9.811)
24-11-04.01:33:30.621 [main            ] INFO  HikariDataSource       - Retail_HikariCP - Starting...
24-11-04.01:33:30.884 [main            ] INFO  HikariDataSource       - Retail_HikariCP - Start completed.
24-11-04.01:33:30.969 [main            ] INFO  ActivityBaseActionChain - 活动责任链-基础信息【有效期， 状态】校验开始: sku:9011, activityId:100301
24-11-04.01:34:11.796 [scheduling-1    ] INFO  UpdateAwardStockJob    - 定时任务，更新奖品库存 【延迟队列获取， 降低对数据库的更新频次，不要产生竞争】
24-11-04.01:34:11.801 [main            ] WARN  RaffleOrderTest        - 活动尚未开启(非open状态)
24-11-04.01:34:11.820 [main            ] INFO  ActivityBaseActionChain - 活动责任链-基础信息【有效期， 状态】校验开始: sku:9011, activityId:100301
24-11-04.01:34:11.820 [main            ] WARN  RaffleOrderTest        - 活动尚未开启(非open状态)
24-11-04.01:34:11.832 [scheduling-1    ] INFO  UpdateActivitySkuStockJob - 定时任务， 更新活动sku库存【延迟队列获取，降低对数据库的更新频率，不要产生竞争】
24-11-04.01:34:11.832 [main            ] INFO  ActivityBaseActionChain - 活动责任链-基础信息【有效期， 状态】校验开始: sku:9011, activityId:100301
24-11-04.01:34:11.832 [main            ] WARN  RaffleOrderTest        - 活动尚未开启(非open状态)
24-11-04.01:34:11.840 [main            ] INFO  ActivityBaseActionChain - 活动责任链-基础信息【有效期， 状态】校验开始: sku:9011, activityId:100301
24-11-04.01:34:11.840 [main            ] WARN  RaffleOrderTest        - 活动尚未开启(非open状态)
24-11-04.01:34:11.847 [main            ] INFO  ActivityBaseActionChain - 活动责任链-基础信息【有效期， 状态】校验开始: sku:9011, activityId:100301
24-11-04.01:34:11.847 [main            ] WARN  RaffleOrderTest        - 活动尚未开启(非open状态)
24-11-04.01:34:11.854 [main            ] INFO  ActivityBaseActionChain - 活动责任链-基础信息【有效期， 状态】校验开始: sku:9011, activityId:100301
24-11-04.01:34:11.854 [main            ] WARN  RaffleOrderTest        - 活动尚未开启(非open状态)
24-11-04.01:34:11.861 [main            ] INFO  ActivityBaseActionChain - 活动责任链-基础信息【有效期， 状态】校验开始: sku:9011, activityId:100301
24-11-04.01:34:11.861 [main            ] WARN  RaffleOrderTest        - 活动尚未开启(非open状态)
24-11-04.01:34:11.867 [main            ] INFO  ActivityBaseActionChain - 活动责任链-基础信息【有效期， 状态】校验开始: sku:9011, activityId:100301
24-11-04.01:34:11.867 [main            ] WARN  RaffleOrderTest        - 活动尚未开启(非open状态)
24-11-04.01:34:11.873 [main            ] INFO  ActivityBaseActionChain - 活动责任链-基础信息【有效期， 状态】校验开始: sku:9011, activityId:100301
24-11-04.01:34:11.873 [main            ] WARN  RaffleOrderTest        - 活动尚未开启(非open状态)
24-11-04.01:34:11.879 [main            ] INFO  ActivityBaseActionChain - 活动责任链-基础信息【有效期， 状态】校验开始: sku:9011, activityId:100301
24-11-04.01:34:11.879 [main            ] WARN  RaffleOrderTest        - 活动尚未开启(非open状态)
24-11-04.01:34:11.885 [main            ] INFO  ActivityBaseActionChain - 活动责任链-基础信息【有效期， 状态】校验开始: sku:9011, activityId:100301
24-11-04.01:34:11.886 [main            ] WARN  RaffleOrderTest        - 活动尚未开启(非open状态)
24-11-04.01:34:11.887 [org.springframework.amqp.rabbit.RabbitListenerEndpointContainer#0-2] INFO  SimpleMessageListenerContainer - Waiting for workers to finish.
24-11-04.01:34:11.891 [main            ] INFO  ActivityBaseActionChain - 活动责任链-基础信息【有效期， 状态】校验开始: sku:9011, activityId:100301
24-11-04.01:34:11.892 [main            ] WARN  RaffleOrderTest        - 活动尚未开启(非open状态)
24-11-04.01:34:11.896 [main            ] INFO  ActivityBaseActionChain - 活动责任链-基础信息【有效期， 状态】校验开始: sku:9011, activityId:100301
24-11-04.01:34:11.897 [main            ] WARN  RaffleOrderTest        - 活动尚未开启(非open状态)
24-11-04.01:34:11.902 [main            ] INFO  ActivityBaseActionChain - 活动责任链-基础信息【有效期， 状态】校验开始: sku:9011, activityId:100301
24-11-04.01:34:11.902 [main            ] WARN  RaffleOrderTest        - 活动尚未开启(非open状态)
24-11-04.01:34:11.908 [main            ] INFO  ActivityBaseActionChain - 活动责任链-基础信息【有效期， 状态】校验开始: sku:9011, activityId:100301
24-11-04.01:34:11.908 [main            ] WARN  RaffleOrderTest        - 活动尚未开启(非open状态)
24-11-04.01:34:11.917 [main            ] INFO  ActivityBaseActionChain - 活动责任链-基础信息【有效期， 状态】校验开始: sku:9011, activityId:100301
24-11-04.01:34:11.917 [main            ] WARN  RaffleOrderTest        - 活动尚未开启(非open状态)
24-11-04.01:34:11.922 [main            ] INFO  ActivityBaseActionChain - 活动责任链-基础信息【有效期， 状态】校验开始: sku:9011, activityId:100301
24-11-04.01:34:11.922 [main            ] WARN  RaffleOrderTest        - 活动尚未开启(非open状态)
24-11-04.01:34:11.928 [main            ] INFO  ActivityBaseActionChain - 活动责任链-基础信息【有效期， 状态】校验开始: sku:9011, activityId:100301
24-11-04.01:34:11.928 [main            ] WARN  RaffleOrderTest        - 活动尚未开启(非open状态)
24-11-04.01:34:11.934 [main            ] INFO  ActivityBaseActionChain - 活动责任链-基础信息【有效期， 状态】校验开始: sku:9011, activityId:100301
24-11-04.01:34:11.934 [main            ] WARN  RaffleOrderTest        - 活动尚未开启(非open状态)
24-11-04.01:34:11.939 [main            ] INFO  ActivityBaseActionChain - 活动责任链-基础信息【有效期， 状态】校验开始: sku:9011, activityId:100301
24-11-04.01:34:11.940 [main            ] WARN  RaffleOrderTest        - 活动尚未开启(非open状态)
24-11-04.01:34:12.801 [org.springframework.amqp.rabbit.RabbitListenerEndpointContainer#0-2] INFO  SimpleMessageListenerContainer - Successfully waited for workers to finish.
24-11-04.01:34:12.808 [SpringApplicationShutdownHook] INFO  SimpleMessageListenerContainer - Shutdown ignored - container is already stopped
24-11-04.01:34:20.699 [main            ] INFO  RaffleOrderTest        - Starting RaffleOrderTest using Java 1.8.0_432 on myarch with PID 328553 (started by mufen in /home/mufen/Downloads/big-market/big-market-app)
24-11-04.01:34:20.700 [main            ] INFO  RaffleOrderTest        - The following 1 profile is active: "dev"
24-11-04.01:34:21.881 [main            ] INFO  RepositoryConfigurationDelegate - Multiple Spring Data modules found, entering strict repository configuration mode
24-11-04.01:34:21.886 [main            ] INFO  RepositoryConfigurationDelegate - Bootstrapping Spring Data Redis repositories in DEFAULT mode.
24-11-04.01:34:21.937 [main            ] INFO  RepositoryConfigurationDelegate - Finished Spring Data repository scanning in 28 ms. Found 0 Redis repository interfaces.
24-11-04.01:34:24.334 [main            ] INFO  Version                - Redisson 3.23.4
24-11-04.01:34:24.644 [redisson-netty-2-4] INFO  MasterPubSubConnectionPool - 1 connections initialized for 127.0.0.1/127.0.0.1:16379
24-11-04.01:34:24.665 [redisson-netty-2-13] INFO  MasterConnectionPool   - 5 connections initialized for 127.0.0.1/127.0.0.1:16379
24-11-04.01:34:28.522 [main            ] INFO  EndpointLinksResolver  - Exposing 1 endpoint(s) beneath base path '/actuator'
24-11-04.01:34:28.623 [main            ] INFO  CachingConnectionFactory - Attempting to connect to: [127.0.0.1:5672]
24-11-04.01:34:28.682 [main            ] INFO  CachingConnectionFactory - Created new connection: rabbitConnectionFactory#26ca12a2:0/SimpleConnection@1b5af65b [delegate=amqp://admin@127.0.0.1:5672/, localPort= 40374]
24-11-04.01:34:28.777 [main            ] INFO  RaffleOrderTest        - Started RaffleOrderTest in 8.621 seconds (JVM running for 9.628)
24-11-04.01:34:29.095 [main            ] INFO  HikariDataSource       - Retail_HikariCP - Starting...
24-11-04.01:34:29.381 [main            ] INFO  HikariDataSource       - Retail_HikariCP - Start completed.
24-11-04.01:34:29.477 [main            ] INFO  ActivityBaseActionChain - 活动责任链-基础信息【有效期， 状态】校验开始: sku:9011, activityId:100301
24-11-04.01:34:29.477 [main            ] INFO  ActivitySkuStockActionChain - 活动责任链-商品库存处理【校验&扣减】开始。sku:9011, activityId:100301
24-11-04.01:34:29.482 [main            ] WARN  RaffleOrderTest        - 活动库存不足
24-11-04.01:34:29.517 [main            ] INFO  ActivityBaseActionChain - 活动责任链-基础信息【有效期， 状态】校验开始: sku:9011, activityId:100301
24-11-04.01:34:29.518 [main            ] INFO  ActivitySkuStockActionChain - 活动责任链-商品库存处理【校验&扣减】开始。sku:9011, activityId:100301
24-11-04.01:34:29.519 [main            ] WARN  RaffleOrderTest        - 活动库存不足
24-11-04.01:34:29.524 [main            ] INFO  ActivityBaseActionChain - 活动责任链-基础信息【有效期， 状态】校验开始: sku:9011, activityId:100301
24-11-04.01:34:29.524 [main            ] INFO  ActivitySkuStockActionChain - 活动责任链-商品库存处理【校验&扣减】开始。sku:9011, activityId:100301
24-11-04.01:34:29.526 [main            ] WARN  RaffleOrderTest        - 活动库存不足
24-11-04.01:34:29.531 [main            ] INFO  ActivityBaseActionChain - 活动责任链-基础信息【有效期， 状态】校验开始: sku:9011, activityId:100301
24-11-04.01:34:29.531 [main            ] INFO  ActivitySkuStockActionChain - 活动责任链-商品库存处理【校验&扣减】开始。sku:9011, activityId:100301
24-11-04.01:34:29.533 [main            ] WARN  RaffleOrderTest        - 活动库存不足
24-11-04.01:34:29.537 [main            ] INFO  ActivityBaseActionChain - 活动责任链-基础信息【有效期， 状态】校验开始: sku:9011, activityId:100301
24-11-04.01:34:29.537 [main            ] INFO  ActivitySkuStockActionChain - 活动责任链-商品库存处理【校验&扣减】开始。sku:9011, activityId:100301
24-11-04.01:34:29.538 [main            ] WARN  RaffleOrderTest        - 活动库存不足
24-11-04.01:34:29.543 [main            ] INFO  ActivityBaseActionChain - 活动责任链-基础信息【有效期， 状态】校验开始: sku:9011, activityId:100301
24-11-04.01:34:29.544 [main            ] INFO  ActivitySkuStockActionChain - 活动责任链-商品库存处理【校验&扣减】开始。sku:9011, activityId:100301
24-11-04.01:34:29.545 [main            ] WARN  RaffleOrderTest        - 活动库存不足
24-11-04.01:34:29.550 [main            ] INFO  ActivityBaseActionChain - 活动责任链-基础信息【有效期， 状态】校验开始: sku:9011, activityId:100301
24-11-04.01:34:29.550 [main            ] INFO  ActivitySkuStockActionChain - 活动责任链-商品库存处理【校验&扣减】开始。sku:9011, activityId:100301
24-11-04.01:34:29.551 [main            ] WARN  RaffleOrderTest        - 活动库存不足
24-11-04.01:34:29.555 [main            ] INFO  ActivityBaseActionChain - 活动责任链-基础信息【有效期， 状态】校验开始: sku:9011, activityId:100301
24-11-04.01:34:29.556 [main            ] INFO  ActivitySkuStockActionChain - 活动责任链-商品库存处理【校验&扣减】开始。sku:9011, activityId:100301
24-11-04.01:34:29.557 [main            ] WARN  RaffleOrderTest        - 活动库存不足
24-11-04.01:34:29.560 [main            ] INFO  ActivityBaseActionChain - 活动责任链-基础信息【有效期， 状态】校验开始: sku:9011, activityId:100301
24-11-04.01:34:29.560 [main            ] INFO  ActivitySkuStockActionChain - 活动责任链-商品库存处理【校验&扣减】开始。sku:9011, activityId:100301
24-11-04.01:34:29.561 [main            ] WARN  RaffleOrderTest        - 活动库存不足
24-11-04.01:34:29.565 [main            ] INFO  ActivityBaseActionChain - 活动责任链-基础信息【有效期， 状态】校验开始: sku:9011, activityId:100301
24-11-04.01:34:29.565 [main            ] INFO  ActivitySkuStockActionChain - 活动责任链-商品库存处理【校验&扣减】开始。sku:9011, activityId:100301
24-11-04.01:34:29.566 [main            ] WARN  RaffleOrderTest        - 活动库存不足
24-11-04.01:34:29.570 [main            ] INFO  ActivityBaseActionChain - 活动责任链-基础信息【有效期， 状态】校验开始: sku:9011, activityId:100301
24-11-04.01:34:29.570 [main            ] INFO  ActivitySkuStockActionChain - 活动责任链-商品库存处理【校验&扣减】开始。sku:9011, activityId:100301
24-11-04.01:34:29.572 [main            ] WARN  RaffleOrderTest        - 活动库存不足
24-11-04.01:34:29.575 [main            ] INFO  ActivityBaseActionChain - 活动责任链-基础信息【有效期， 状态】校验开始: sku:9011, activityId:100301
24-11-04.01:34:29.575 [main            ] INFO  ActivitySkuStockActionChain - 活动责任链-商品库存处理【校验&扣减】开始。sku:9011, activityId:100301
24-11-04.01:34:29.576 [main            ] WARN  RaffleOrderTest        - 活动库存不足
24-11-04.01:34:29.579 [main            ] INFO  ActivityBaseActionChain - 活动责任链-基础信息【有效期， 状态】校验开始: sku:9011, activityId:100301
24-11-04.01:34:29.579 [main            ] INFO  ActivitySkuStockActionChain - 活动责任链-商品库存处理【校验&扣减】开始。sku:9011, activityId:100301
24-11-04.01:34:29.580 [main            ] WARN  RaffleOrderTest        - 活动库存不足
24-11-04.01:34:29.586 [main            ] INFO  ActivityBaseActionChain - 活动责任链-基础信息【有效期， 状态】校验开始: sku:9011, activityId:100301
24-11-04.01:34:29.586 [main            ] INFO  ActivitySkuStockActionChain - 活动责任链-商品库存处理【校验&扣减】开始。sku:9011, activityId:100301
24-11-04.01:34:29.587 [main            ] WARN  RaffleOrderTest        - 活动库存不足
24-11-04.01:34:29.591 [main            ] INFO  ActivityBaseActionChain - 活动责任链-基础信息【有效期， 状态】校验开始: sku:9011, activityId:100301
24-11-04.01:34:29.591 [main            ] INFO  ActivitySkuStockActionChain - 活动责任链-商品库存处理【校验&扣减】开始。sku:9011, activityId:100301
24-11-04.01:34:29.592 [main            ] WARN  RaffleOrderTest        - 活动库存不足
24-11-04.01:34:29.599 [main            ] INFO  ActivityBaseActionChain - 活动责任链-基础信息【有效期， 状态】校验开始: sku:9011, activityId:100301
24-11-04.01:34:29.599 [main            ] INFO  ActivitySkuStockActionChain - 活动责任链-商品库存处理【校验&扣减】开始。sku:9011, activityId:100301
24-11-04.01:34:29.600 [main            ] WARN  RaffleOrderTest        - 活动库存不足
24-11-04.01:34:29.606 [main            ] INFO  ActivityBaseActionChain - 活动责任链-基础信息【有效期， 状态】校验开始: sku:9011, activityId:100301
24-11-04.01:34:29.606 [main            ] INFO  ActivitySkuStockActionChain - 活动责任链-商品库存处理【校验&扣减】开始。sku:9011, activityId:100301
24-11-04.01:34:29.608 [main            ] WARN  RaffleOrderTest        - 活动库存不足
24-11-04.01:34:29.613 [main            ] INFO  ActivityBaseActionChain - 活动责任链-基础信息【有效期， 状态】校验开始: sku:9011, activityId:100301
24-11-04.01:34:29.613 [main            ] INFO  ActivitySkuStockActionChain - 活动责任链-商品库存处理【校验&扣减】开始。sku:9011, activityId:100301
24-11-04.01:34:29.614 [main            ] WARN  RaffleOrderTest        - 活动库存不足
24-11-04.01:34:29.619 [main            ] INFO  ActivityBaseActionChain - 活动责任链-基础信息【有效期， 状态】校验开始: sku:9011, activityId:100301
24-11-04.01:34:29.620 [main            ] INFO  ActivitySkuStockActionChain - 活动责任链-商品库存处理【校验&扣减】开始。sku:9011, activityId:100301
24-11-04.01:34:29.621 [main            ] WARN  RaffleOrderTest        - 活动库存不足
24-11-04.01:34:29.627 [main            ] INFO  ActivityBaseActionChain - 活动责任链-基础信息【有效期， 状态】校验开始: sku:9011, activityId:100301
24-11-04.01:34:29.627 [main            ] INFO  ActivitySkuStockActionChain - 活动责任链-商品库存处理【校验&扣减】开始。sku:9011, activityId:100301
24-11-04.01:34:29.628 [main            ] WARN  RaffleOrderTest        - 活动库存不足
24-11-04.01:34:30.000 [scheduling-1    ] INFO  UpdateAwardStockJob    - 定时任务，更新奖品库存 【延迟队列获取， 降低对数据库的更新频次，不要产生竞争】
24-11-04.01:34:30.010 [scheduling-1    ] INFO  UpdateActivitySkuStockJob - 定时任务， 更新活动sku库存【延迟队列获取，降低对数据库的更新频率，不要产生竞争】
24-11-04.01:34:35.000 [scheduling-1    ] INFO  UpdateActivitySkuStockJob - 定时任务， 更新活动sku库存【延迟队列获取，降低对数据库的更新频率，不要产生竞争】
24-11-04.01:34:35.002 [scheduling-1    ] INFO  UpdateAwardStockJob    - 定时任务，更新奖品库存 【延迟队列获取， 降低对数据库的更新频次，不要产生竞争】
24-11-04.01:34:40.000 [scheduling-1    ] INFO  UpdateActivitySkuStockJob - 定时任务， 更新活动sku库存【延迟队列获取，降低对数据库的更新频率，不要产生竞争】
24-11-04.01:34:40.002 [scheduling-1    ] INFO  UpdateAwardStockJob    - 定时任务，更新奖品库存 【延迟队列获取， 降低对数据库的更新频次，不要产生竞争】
24-11-04.01:34:45.000 [scheduling-1    ] INFO  UpdateAwardStockJob    - 定时任务，更新奖品库存 【延迟队列获取， 降低对数据库的更新频次，不要产生竞争】
24-11-04.01:34:45.002 [scheduling-1    ] INFO  UpdateActivitySkuStockJob - 定时任务， 更新活动sku库存【延迟队列获取，降低对数据库的更新频率，不要产生竞争】
24-11-04.01:34:50.000 [scheduling-1    ] INFO  UpdateActivitySkuStockJob - 定时任务， 更新活动sku库存【延迟队列获取，降低对数据库的更新频率，不要产生竞争】
24-11-04.01:34:50.002 [scheduling-1    ] INFO  UpdateAwardStockJob    - 定时任务，更新奖品库存 【延迟队列获取， 降低对数据库的更新频次，不要产生竞争】
24-11-04.01:34:55.000 [scheduling-1    ] INFO  UpdateAwardStockJob    - 定时任务，更新奖品库存 【延迟队列获取， 降低对数据库的更新频次，不要产生竞争】
24-11-04.01:34:55.002 [scheduling-1    ] INFO  UpdateActivitySkuStockJob - 定时任务， 更新活动sku库存【延迟队列获取，降低对数据库的更新频率，不要产生竞争】
24-11-04.01:35:00.000 [scheduling-1    ] INFO  UpdateAwardStockJob    - 定时任务，更新奖品库存 【延迟队列获取， 降低对数据库的更新频次，不要产生竞争】
24-11-04.01:35:00.002 [scheduling-1    ] INFO  UpdateActivitySkuStockJob - 定时任务， 更新活动sku库存【延迟队列获取，降低对数据库的更新频率，不要产生竞争】
24-11-04.01:35:05.000 [scheduling-1    ] INFO  UpdateAwardStockJob    - 定时任务，更新奖品库存 【延迟队列获取， 降低对数据库的更新频次，不要产生竞争】
24-11-04.01:35:05.002 [scheduling-1    ] INFO  UpdateActivitySkuStockJob - 定时任务， 更新活动sku库存【延迟队列获取，降低对数据库的更新频率，不要产生竞争】
24-11-04.01:35:10.000 [scheduling-1    ] INFO  UpdateAwardStockJob    - 定时任务，更新奖品库存 【延迟队列获取， 降低对数据库的更新频次，不要产生竞争】
24-11-04.01:35:10.002 [scheduling-1    ] INFO  UpdateActivitySkuStockJob - 定时任务， 更新活动sku库存【延迟队列获取，降低对数据库的更新频率，不要产生竞争】
24-11-04.01:35:15.000 [scheduling-1    ] INFO  UpdateAwardStockJob    - 定时任务，更新奖品库存 【延迟队列获取， 降低对数据库的更新频次，不要产生竞争】
24-11-04.01:35:15.001 [scheduling-1    ] INFO  UpdateActivitySkuStockJob - 定时任务， 更新活动sku库存【延迟队列获取，降低对数据库的更新频率，不要产生竞争】
24-11-04.01:35:20.000 [scheduling-1    ] INFO  UpdateActivitySkuStockJob - 定时任务， 更新活动sku库存【延迟队列获取，降低对数据库的更新频率，不要产生竞争】
24-11-04.01:35:20.003 [scheduling-1    ] INFO  UpdateAwardStockJob    - 定时任务，更新奖品库存 【延迟队列获取， 降低对数据库的更新频次，不要产生竞争】
24-11-04.01:35:25.000 [scheduling-1    ] INFO  UpdateAwardStockJob    - 定时任务，更新奖品库存 【延迟队列获取， 降低对数据库的更新频次，不要产生竞争】
24-11-04.01:35:25.003 [scheduling-1    ] INFO  UpdateActivitySkuStockJob - 定时任务， 更新活动sku库存【延迟队列获取，降低对数据库的更新频率，不要产生竞争】
24-11-04.01:35:30.000 [scheduling-1    ] INFO  UpdateActivitySkuStockJob - 定时任务， 更新活动sku库存【延迟队列获取，降低对数据库的更新频率，不要产生竞争】
24-11-04.01:35:30.001 [scheduling-1    ] INFO  UpdateAwardStockJob    - 定时任务，更新奖品库存 【延迟队列获取， 降低对数据库的更新频次，不要产生竞争】
24-11-04.01:35:33.023 [org.springframework.amqp.rabbit.RabbitListenerEndpointContainer#0-2] INFO  SimpleMessageListenerContainer - Waiting for workers to finish.
24-11-04.01:35:33.771 [org.springframework.amqp.rabbit.RabbitListenerEndpointContainer#0-2] INFO  SimpleMessageListenerContainer - Successfully waited for workers to finish.
24-11-04.01:35:33.776 [SpringApplicationShutdownHook] INFO  SimpleMessageListenerContainer - Shutdown ignored - container is already stopped
24-11-04.01:45:55.334 [main            ] INFO  RaffleOrderTest        - Starting RaffleOrderTest using Java 1.8.0_432 on myarch with PID 334662 (started by mufen in /home/mufen/Downloads/big-market/big-market-app)
24-11-04.01:45:55.336 [main            ] INFO  RaffleOrderTest        - The following 1 profile is active: "dev"
24-11-04.01:45:56.620 [main            ] INFO  RepositoryConfigurationDelegate - Multiple Spring Data modules found, entering strict repository configuration mode
24-11-04.01:45:56.624 [main            ] INFO  RepositoryConfigurationDelegate - Bootstrapping Spring Data Redis repositories in DEFAULT mode.
24-11-04.01:45:56.674 [main            ] INFO  RepositoryConfigurationDelegate - Finished Spring Data repository scanning in 25 ms. Found 0 Redis repository interfaces.
24-11-04.01:45:59.274 [main            ] INFO  Version                - Redisson 3.23.4
24-11-04.01:45:59.585 [redisson-netty-2-5] INFO  MasterPubSubConnectionPool - 1 connections initialized for 127.0.0.1/127.0.0.1:16379
24-11-04.01:45:59.603 [redisson-netty-2-13] INFO  MasterConnectionPool   - 5 connections initialized for 127.0.0.1/127.0.0.1:16379
24-11-04.01:46:02.958 [main            ] INFO  EndpointLinksResolver  - Exposing 1 endpoint(s) beneath base path '/actuator'
24-11-04.01:46:03.038 [main            ] INFO  CachingConnectionFactory - Attempting to connect to: [127.0.0.1:5672]
24-11-04.01:46:03.095 [main            ] INFO  CachingConnectionFactory - Created new connection: rabbitConnectionFactory#5c9e8a67:0/SimpleConnection@7bb25046 [delegate=amqp://admin@127.0.0.1:5672/, localPort= 47154]
24-11-04.01:46:03.159 [main            ] INFO  RaffleOrderTest        - Started RaffleOrderTest in 8.516 seconds (JVM running for 10.524)
24-11-04.01:46:09.011 [scheduling-1    ] INFO  UpdateActivitySkuStockJob - 定时任务， 更新活动sku库存【延迟队列获取，降低对数据库的更新频率，不要产生竞争】
24-11-04.01:46:09.045 [scheduling-1    ] INFO  UpdateAwardStockJob    - 定时任务，更新奖品库存 【延迟队列获取， 降低对数据库的更新频次，不要产生竞争】
24-11-04.01:46:09.053 [main            ] INFO  HikariDataSource       - Retail_HikariCP - Starting...
24-11-04.01:46:09.524 [main            ] INFO  HikariDataSource       - Retail_HikariCP - Start completed.
24-11-04.01:46:09.666 [main            ] INFO  ActivityBaseActionChain - 活动责任链-基础信息【有效期， 状态】校验开始: sku:9011, activityId:100301
24-11-04.01:46:11.878 [scheduling-1    ] INFO  UpdateAwardStockJob    - 定时任务，更新奖品库存 【延迟队列获取， 降低对数据库的更新频次，不要产生竞争】
24-11-04.01:46:35.303 [main            ] INFO  ActivitySkuStockActionChain - 活动责任链-商品库存处理【校验&扣减】开始。sku:9011, activityId:100301
24-11-04.01:46:35.304 [scheduling-1    ] INFO  UpdateActivitySkuStockJob - 定时任务， 更新活动sku库存【延迟队列获取，降低对数据库的更新频率，不要产生竞争】
24-11-04.01:47:03.784 [scheduling-1    ] INFO  UpdateAwardStockJob    - 定时任务，更新奖品库存 【延迟队列获取， 降低对数据库的更新频次，不要产生竞争】
24-11-04.01:47:03.785 [Retail_HikariCP housekeeper] WARN  HikariPool             - Retail_HikariCP - Thread starvation or clock leap detected (housekeeper delta=54s159ms405µs687ns).
24-11-04.01:47:03.789 [scheduling-1    ] INFO  UpdateActivitySkuStockJob - 定时任务， 更新活动sku库存【延迟队列获取，降低对数据库的更新频率，不要产生竞争】
24-11-04.01:47:03.790 [main            ] WARN  RaffleOrderTest        - 活动库存不足
24-11-04.01:47:03.796 [main            ] INFO  ActivityBaseActionChain - 活动责任链-基础信息【有效期， 状态】校验开始: sku:9011, activityId:100301
24-11-04.01:47:03.796 [main            ] INFO  ActivitySkuStockActionChain - 活动责任链-商品库存处理【校验&扣减】开始。sku:9011, activityId:100301
24-11-04.01:47:03.799 [main            ] WARN  RaffleOrderTest        - 活动库存不足
24-11-04.01:47:03.807 [main            ] INFO  ActivityBaseActionChain - 活动责任链-基础信息【有效期， 状态】校验开始: sku:9011, activityId:100301
24-11-04.01:47:03.807 [main            ] INFO  ActivitySkuStockActionChain - 活动责任链-商品库存处理【校验&扣减】开始。sku:9011, activityId:100301
24-11-04.01:47:03.809 [main            ] WARN  RaffleOrderTest        - 活动库存不足
24-11-04.01:47:03.817 [main            ] INFO  ActivityBaseActionChain - 活动责任链-基础信息【有效期， 状态】校验开始: sku:9011, activityId:100301
24-11-04.01:47:03.817 [main            ] INFO  ActivitySkuStockActionChain - 活动责任链-商品库存处理【校验&扣减】开始。sku:9011, activityId:100301
24-11-04.01:47:03.819 [main            ] WARN  RaffleOrderTest        - 活动库存不足
24-11-04.01:47:03.824 [main            ] INFO  ActivityBaseActionChain - 活动责任链-基础信息【有效期， 状态】校验开始: sku:9011, activityId:100301
24-11-04.01:47:03.824 [main            ] INFO  ActivitySkuStockActionChain - 活动责任链-商品库存处理【校验&扣减】开始。sku:9011, activityId:100301
24-11-04.01:47:03.826 [main            ] WARN  RaffleOrderTest        - 活动库存不足
24-11-04.01:47:03.830 [main            ] INFO  ActivityBaseActionChain - 活动责任链-基础信息【有效期， 状态】校验开始: sku:9011, activityId:100301
24-11-04.01:47:03.830 [main            ] INFO  ActivitySkuStockActionChain - 活动责任链-商品库存处理【校验&扣减】开始。sku:9011, activityId:100301
24-11-04.01:47:03.832 [main            ] WARN  RaffleOrderTest        - 活动库存不足
24-11-04.01:47:03.836 [main            ] INFO  ActivityBaseActionChain - 活动责任链-基础信息【有效期， 状态】校验开始: sku:9011, activityId:100301
24-11-04.01:47:03.837 [main            ] INFO  ActivitySkuStockActionChain - 活动责任链-商品库存处理【校验&扣减】开始。sku:9011, activityId:100301
24-11-04.01:47:03.838 [main            ] WARN  RaffleOrderTest        - 活动库存不足
24-11-04.01:47:03.844 [org.springframework.amqp.rabbit.RabbitListenerEndpointContainer#0-2] INFO  SimpleMessageListenerContainer - Waiting for workers to finish.
24-11-04.01:47:03.844 [main            ] INFO  ActivityBaseActionChain - 活动责任链-基础信息【有效期， 状态】校验开始: sku:9011, activityId:100301
24-11-04.01:47:03.844 [main            ] INFO  ActivitySkuStockActionChain - 活动责任链-商品库存处理【校验&扣减】开始。sku:9011, activityId:100301
24-11-04.01:47:03.846 [main            ] WARN  RaffleOrderTest        - 活动库存不足
24-11-04.01:47:03.852 [main            ] INFO  ActivityBaseActionChain - 活动责任链-基础信息【有效期， 状态】校验开始: sku:9011, activityId:100301
24-11-04.01:47:03.853 [main            ] INFO  ActivitySkuStockActionChain - 活动责任链-商品库存处理【校验&扣减】开始。sku:9011, activityId:100301
24-11-04.01:47:03.855 [main            ] WARN  RaffleOrderTest        - 活动库存不足
24-11-04.01:47:03.860 [main            ] INFO  ActivityBaseActionChain - 活动责任链-基础信息【有效期， 状态】校验开始: sku:9011, activityId:100301
24-11-04.01:47:03.860 [main            ] INFO  ActivitySkuStockActionChain - 活动责任链-商品库存处理【校验&扣减】开始。sku:9011, activityId:100301
24-11-04.01:47:03.862 [main            ] WARN  RaffleOrderTest        - 活动库存不足
24-11-04.01:47:03.867 [main            ] INFO  ActivityBaseActionChain - 活动责任链-基础信息【有效期， 状态】校验开始: sku:9011, activityId:100301
24-11-04.01:47:03.868 [main            ] INFO  ActivitySkuStockActionChain - 活动责任链-商品库存处理【校验&扣减】开始。sku:9011, activityId:100301
24-11-04.01:47:03.869 [main            ] WARN  RaffleOrderTest        - 活动库存不足
24-11-04.01:47:03.874 [main            ] INFO  ActivityBaseActionChain - 活动责任链-基础信息【有效期， 状态】校验开始: sku:9011, activityId:100301
24-11-04.01:47:03.874 [main            ] INFO  ActivitySkuStockActionChain - 活动责任链-商品库存处理【校验&扣减】开始。sku:9011, activityId:100301
24-11-04.01:47:03.875 [main            ] WARN  RaffleOrderTest        - 活动库存不足
24-11-04.01:47:03.880 [main            ] INFO  ActivityBaseActionChain - 活动责任链-基础信息【有效期， 状态】校验开始: sku:9011, activityId:100301
24-11-04.01:47:03.880 [main            ] INFO  ActivitySkuStockActionChain - 活动责任链-商品库存处理【校验&扣减】开始。sku:9011, activityId:100301
24-11-04.01:47:03.881 [main            ] WARN  RaffleOrderTest        - 活动库存不足
24-11-04.01:47:03.886 [main            ] INFO  ActivityBaseActionChain - 活动责任链-基础信息【有效期， 状态】校验开始: sku:9011, activityId:100301
24-11-04.01:47:03.887 [main            ] INFO  ActivitySkuStockActionChain - 活动责任链-商品库存处理【校验&扣减】开始。sku:9011, activityId:100301
24-11-04.01:47:03.888 [main            ] WARN  RaffleOrderTest        - 活动库存不足
24-11-04.01:47:03.892 [main            ] INFO  ActivityBaseActionChain - 活动责任链-基础信息【有效期， 状态】校验开始: sku:9011, activityId:100301
24-11-04.01:47:03.892 [main            ] INFO  ActivitySkuStockActionChain - 活动责任链-商品库存处理【校验&扣减】开始。sku:9011, activityId:100301
24-11-04.01:47:03.893 [main            ] WARN  RaffleOrderTest        - 活动库存不足
24-11-04.01:47:03.903 [main            ] INFO  ActivityBaseActionChain - 活动责任链-基础信息【有效期， 状态】校验开始: sku:9011, activityId:100301
24-11-04.01:47:03.904 [main            ] INFO  ActivitySkuStockActionChain - 活动责任链-商品库存处理【校验&扣减】开始。sku:9011, activityId:100301
24-11-04.01:47:03.905 [main            ] WARN  RaffleOrderTest        - 活动库存不足
24-11-04.01:47:03.910 [main            ] INFO  ActivityBaseActionChain - 活动责任链-基础信息【有效期， 状态】校验开始: sku:9011, activityId:100301
24-11-04.01:47:03.911 [main            ] INFO  ActivitySkuStockActionChain - 活动责任链-商品库存处理【校验&扣减】开始。sku:9011, activityId:100301
24-11-04.01:47:03.912 [main            ] WARN  RaffleOrderTest        - 活动库存不足
24-11-04.01:47:03.917 [main            ] INFO  ActivityBaseActionChain - 活动责任链-基础信息【有效期， 状态】校验开始: sku:9011, activityId:100301
24-11-04.01:47:03.917 [main            ] INFO  ActivitySkuStockActionChain - 活动责任链-商品库存处理【校验&扣减】开始。sku:9011, activityId:100301
24-11-04.01:47:03.918 [main            ] WARN  RaffleOrderTest        - 活动库存不足
24-11-04.01:47:03.922 [main            ] INFO  ActivityBaseActionChain - 活动责任链-基础信息【有效期， 状态】校验开始: sku:9011, activityId:100301
24-11-04.01:47:03.923 [main            ] INFO  ActivitySkuStockActionChain - 活动责任链-商品库存处理【校验&扣减】开始。sku:9011, activityId:100301
24-11-04.01:47:03.924 [main            ] WARN  RaffleOrderTest        - 活动库存不足
24-11-04.01:47:03.928 [main            ] INFO  ActivityBaseActionChain - 活动责任链-基础信息【有效期， 状态】校验开始: sku:9011, activityId:100301
24-11-04.01:47:03.929 [main            ] INFO  ActivitySkuStockActionChain - 活动责任链-商品库存处理【校验&扣减】开始。sku:9011, activityId:100301
24-11-04.01:47:03.930 [main            ] WARN  RaffleOrderTest        - 活动库存不足
24-11-04.01:47:04.790 [org.springframework.amqp.rabbit.RabbitListenerEndpointContainer#0-2] INFO  SimpleMessageListenerContainer - Successfully waited for workers to finish.
24-11-04.01:47:04.795 [SpringApplicationShutdownHook] INFO  SimpleMessageListenerContainer - Shutdown ignored - container is already stopped
24-11-04.01:47:07.735 [main            ] INFO  RaffleOrderTest        - Starting RaffleOrderTest using Java 1.8.0_432 on myarch with PID 335388 (started by mufen in /home/mufen/Downloads/big-market/big-market-app)
24-11-04.01:47:07.737 [main            ] INFO  RaffleOrderTest        - The following 1 profile is active: "dev"
24-11-04.01:47:09.160 [main            ] INFO  RepositoryConfigurationDelegate - Multiple Spring Data modules found, entering strict repository configuration mode
24-11-04.01:47:09.165 [main            ] INFO  RepositoryConfigurationDelegate - Bootstrapping Spring Data Redis repositories in DEFAULT mode.
24-11-04.01:47:09.219 [main            ] INFO  RepositoryConfigurationDelegate - Finished Spring Data repository scanning in 29 ms. Found 0 Redis repository interfaces.
24-11-04.01:47:11.834 [main            ] INFO  Version                - Redisson 3.23.4
24-11-04.01:47:12.130 [redisson-netty-2-4] INFO  MasterPubSubConnectionPool - 1 connections initialized for 127.0.0.1/127.0.0.1:16379
24-11-04.01:47:12.149 [redisson-netty-2-13] INFO  MasterConnectionPool   - 5 connections initialized for 127.0.0.1/127.0.0.1:16379
24-11-04.01:47:14.877 [main            ] INFO  EndpointLinksResolver  - Exposing 1 endpoint(s) beneath base path '/actuator'
24-11-04.01:47:14.962 [main            ] INFO  CachingConnectionFactory - Attempting to connect to: [127.0.0.1:5672]
24-11-04.01:47:15.017 [main            ] INFO  CachingConnectionFactory - Created new connection: rabbitConnectionFactory#2bdb5e0f:0/SimpleConnection@2904bc56 [delegate=amqp://admin@127.0.0.1:5672/, localPort= 38284]
24-11-04.01:47:15.090 [main            ] INFO  RaffleOrderTest        - Started RaffleOrderTest in 8.025 seconds (JVM running for 9.325)
24-11-04.01:47:29.210 [scheduling-1    ] INFO  UpdateAwardStockJob    - 定时任务，更新奖品库存 【延迟队列获取， 降低对数据库的更新频次，不要产生竞争】
24-11-04.01:47:29.242 [scheduling-1    ] INFO  UpdateActivitySkuStockJob - 定时任务， 更新活动sku库存【延迟队列获取，降低对数据库的更新频率，不要产生竞争】
24-11-04.01:47:29.250 [main            ] INFO  HikariDataSource       - Retail_HikariCP - Starting...
24-11-04.01:47:29.687 [main            ] INFO  HikariDataSource       - Retail_HikariCP - Start completed.
24-11-04.01:47:29.824 [main            ] INFO  ActivityBaseActionChain - 活动责任链-基础信息【有效期， 状态】校验开始: sku:9011, activityId:100301
24-11-04.01:47:30.908 [scheduling-1    ] INFO  UpdateActivitySkuStockJob - 定时任务， 更新活动sku库存【延迟队列获取，降低对数据库的更新频率，不要产生竞争】
24-11-04.01:47:30.909 [main            ] INFO  ActivitySkuStockActionChain - 活动责任链-商品库存处理【校验&扣减】开始。sku:9011, activityId:100301
24-11-04.01:47:33.248 [scheduling-1    ] INFO  UpdateAwardStockJob    - 定时任务，更新奖品库存 【延迟队列获取， 降低对数据库的更新频次，不要产生竞争】
24-11-04.01:47:39.987 [scheduling-1    ] INFO  UpdateActivitySkuStockJob - 定时任务， 更新活动sku库存【延迟队列获取，降低对数据库的更新频率，不要产生竞争】
24-11-04.01:48:26.067 [scheduling-1    ] INFO  UpdateActivitySkuStockJob - 定时任务， 更新活动sku库存【延迟队列获取，降低对数据库的更新频率，不要产生竞争】
24-11-04.01:48:26.067 [Retail_HikariCP housekeeper] WARN  HikariPool             - Retail_HikariCP - Thread starvation or clock leap detected (housekeeper delta=56s279ms244µs651ns).
24-11-04.01:48:26.073 [scheduling-1    ] INFO  UpdateAwardStockJob    - 定时任务，更新奖品库存 【延迟队列获取， 降低对数据库的更新频次，不要产生竞争】
24-11-04.01:48:26.074 [main            ] WARN  RaffleOrderTest        - 活动库存不足
24-11-04.01:48:26.083 [main            ] INFO  ActivityBaseActionChain - 活动责任链-基础信息【有效期， 状态】校验开始: sku:9011, activityId:100301
24-11-04.01:48:26.083 [main            ] INFO  ActivitySkuStockActionChain - 活动责任链-商品库存处理【校验&扣减】开始。sku:9011, activityId:100301
24-11-04.01:48:26.085 [main            ] WARN  RaffleOrderTest        - 活动库存不足
24-11-04.01:48:26.090 [main            ] INFO  ActivityBaseActionChain - 活动责任链-基础信息【有效期， 状态】校验开始: sku:9011, activityId:100301
24-11-04.01:48:26.090 [main            ] INFO  ActivitySkuStockActionChain - 活动责任链-商品库存处理【校验&扣减】开始。sku:9011, activityId:100301
24-11-04.01:48:26.092 [main            ] WARN  RaffleOrderTest        - 活动库存不足
24-11-04.01:48:26.097 [main            ] INFO  ActivityBaseActionChain - 活动责任链-基础信息【有效期， 状态】校验开始: sku:9011, activityId:100301
24-11-04.01:48:26.098 [main            ] INFO  ActivitySkuStockActionChain - 活动责任链-商品库存处理【校验&扣减】开始。sku:9011, activityId:100301
24-11-04.01:48:26.100 [main            ] WARN  RaffleOrderTest        - 活动库存不足
24-11-04.01:48:26.106 [main            ] INFO  ActivityBaseActionChain - 活动责任链-基础信息【有效期， 状态】校验开始: sku:9011, activityId:100301
24-11-04.01:48:26.106 [main            ] INFO  ActivitySkuStockActionChain - 活动责任链-商品库存处理【校验&扣减】开始。sku:9011, activityId:100301
24-11-04.01:48:26.108 [main            ] WARN  RaffleOrderTest        - 活动库存不足
24-11-04.01:48:26.110 [org.springframework.amqp.rabbit.RabbitListenerEndpointContainer#0-2] INFO  SimpleMessageListenerContainer - Waiting for workers to finish.
24-11-04.01:48:26.113 [main            ] INFO  ActivityBaseActionChain - 活动责任链-基础信息【有效期， 状态】校验开始: sku:9011, activityId:100301
24-11-04.01:48:26.113 [main            ] INFO  ActivitySkuStockActionChain - 活动责任链-商品库存处理【校验&扣减】开始。sku:9011, activityId:100301
24-11-04.01:48:26.115 [main            ] WARN  RaffleOrderTest        - 活动库存不足
24-11-04.01:48:26.120 [main            ] INFO  ActivityBaseActionChain - 活动责任链-基础信息【有效期， 状态】校验开始: sku:9011, activityId:100301
24-11-04.01:48:26.120 [main            ] INFO  ActivitySkuStockActionChain - 活动责任链-商品库存处理【校验&扣减】开始。sku:9011, activityId:100301
24-11-04.01:48:26.121 [main            ] WARN  RaffleOrderTest        - 活动库存不足
24-11-04.01:48:26.126 [main            ] INFO  ActivityBaseActionChain - 活动责任链-基础信息【有效期， 状态】校验开始: sku:9011, activityId:100301
24-11-04.01:48:26.126 [main            ] INFO  ActivitySkuStockActionChain - 活动责任链-商品库存处理【校验&扣减】开始。sku:9011, activityId:100301
24-11-04.01:48:26.128 [main            ] WARN  RaffleOrderTest        - 活动库存不足
24-11-04.01:48:26.134 [main            ] INFO  ActivityBaseActionChain - 活动责任链-基础信息【有效期， 状态】校验开始: sku:9011, activityId:100301
24-11-04.01:48:26.134 [main            ] INFO  ActivitySkuStockActionChain - 活动责任链-商品库存处理【校验&扣减】开始。sku:9011, activityId:100301
24-11-04.01:48:26.136 [main            ] WARN  RaffleOrderTest        - 活动库存不足
24-11-04.01:48:26.141 [main            ] INFO  ActivityBaseActionChain - 活动责任链-基础信息【有效期， 状态】校验开始: sku:9011, activityId:100301
24-11-04.01:48:26.142 [main            ] INFO  ActivitySkuStockActionChain - 活动责任链-商品库存处理【校验&扣减】开始。sku:9011, activityId:100301
24-11-04.01:48:26.143 [main            ] WARN  RaffleOrderTest        - 活动库存不足
24-11-04.01:48:26.148 [main            ] INFO  ActivityBaseActionChain - 活动责任链-基础信息【有效期， 状态】校验开始: sku:9011, activityId:100301
24-11-04.01:48:26.149 [main            ] INFO  ActivitySkuStockActionChain - 活动责任链-商品库存处理【校验&扣减】开始。sku:9011, activityId:100301
24-11-04.01:48:26.151 [main            ] WARN  RaffleOrderTest        - 活动库存不足
24-11-04.01:48:26.156 [main            ] INFO  ActivityBaseActionChain - 活动责任链-基础信息【有效期， 状态】校验开始: sku:9011, activityId:100301
24-11-04.01:48:26.157 [main            ] INFO  ActivitySkuStockActionChain - 活动责任链-商品库存处理【校验&扣减】开始。sku:9011, activityId:100301
24-11-04.01:48:26.159 [main            ] WARN  RaffleOrderTest        - 活动库存不足
24-11-04.01:48:26.164 [main            ] INFO  ActivityBaseActionChain - 活动责任链-基础信息【有效期， 状态】校验开始: sku:9011, activityId:100301
24-11-04.01:48:26.164 [main            ] INFO  ActivitySkuStockActionChain - 活动责任链-商品库存处理【校验&扣减】开始。sku:9011, activityId:100301
24-11-04.01:48:26.166 [main            ] WARN  RaffleOrderTest        - 活动库存不足
24-11-04.01:48:26.171 [main            ] INFO  ActivityBaseActionChain - 活动责任链-基础信息【有效期， 状态】校验开始: sku:9011, activityId:100301
24-11-04.01:48:26.171 [main            ] INFO  ActivitySkuStockActionChain - 活动责任链-商品库存处理【校验&扣减】开始。sku:9011, activityId:100301
24-11-04.01:48:26.172 [main            ] WARN  RaffleOrderTest        - 活动库存不足
24-11-04.01:48:26.177 [main            ] INFO  ActivityBaseActionChain - 活动责任链-基础信息【有效期， 状态】校验开始: sku:9011, activityId:100301
24-11-04.01:48:26.177 [main            ] INFO  ActivitySkuStockActionChain - 活动责任链-商品库存处理【校验&扣减】开始。sku:9011, activityId:100301
24-11-04.01:48:26.179 [main            ] WARN  RaffleOrderTest        - 活动库存不足
24-11-04.01:48:26.188 [main            ] INFO  ActivityBaseActionChain - 活动责任链-基础信息【有效期， 状态】校验开始: sku:9011, activityId:100301
24-11-04.01:48:26.189 [main            ] INFO  ActivitySkuStockActionChain - 活动责任链-商品库存处理【校验&扣减】开始。sku:9011, activityId:100301
24-11-04.01:48:26.191 [main            ] WARN  RaffleOrderTest        - 活动库存不足
24-11-04.01:48:26.198 [main            ] INFO  ActivityBaseActionChain - 活动责任链-基础信息【有效期， 状态】校验开始: sku:9011, activityId:100301
24-11-04.01:48:26.198 [main            ] INFO  ActivitySkuStockActionChain - 活动责任链-商品库存处理【校验&扣减】开始。sku:9011, activityId:100301
24-11-04.01:48:26.200 [main            ] WARN  RaffleOrderTest        - 活动库存不足
24-11-04.01:48:26.205 [main            ] INFO  ActivityBaseActionChain - 活动责任链-基础信息【有效期， 状态】校验开始: sku:9011, activityId:100301
24-11-04.01:48:26.205 [main            ] INFO  ActivitySkuStockActionChain - 活动责任链-商品库存处理【校验&扣减】开始。sku:9011, activityId:100301
24-11-04.01:48:26.206 [main            ] WARN  RaffleOrderTest        - 活动库存不足
24-11-04.01:48:26.211 [main            ] INFO  ActivityBaseActionChain - 活动责任链-基础信息【有效期， 状态】校验开始: sku:9011, activityId:100301
24-11-04.01:48:26.211 [main            ] INFO  ActivitySkuStockActionChain - 活动责任链-商品库存处理【校验&扣减】开始。sku:9011, activityId:100301
24-11-04.01:48:26.213 [main            ] WARN  RaffleOrderTest        - 活动库存不足
24-11-04.01:48:26.218 [main            ] INFO  ActivityBaseActionChain - 活动责任链-基础信息【有效期， 状态】校验开始: sku:9011, activityId:100301
24-11-04.01:48:26.218 [main            ] INFO  ActivitySkuStockActionChain - 活动责任链-商品库存处理【校验&扣减】开始。sku:9011, activityId:100301
24-11-04.01:48:26.220 [main            ] WARN  RaffleOrderTest        - 活动库存不足
24-11-04.01:48:27.071 [org.springframework.amqp.rabbit.RabbitListenerEndpointContainer#0-2] INFO  SimpleMessageListenerContainer - Successfully waited for workers to finish.
24-11-04.01:48:27.077 [SpringApplicationShutdownHook] INFO  SimpleMessageListenerContainer - Shutdown ignored - container is already stopped
24-11-04.01:50:25.787 [main            ] INFO  RaffleOrderTest        - Starting RaffleOrderTest using Java 1.8.0_432 on myarch with PID 337502 (started by mufen in /home/mufen/Downloads/big-market/big-market-app)
24-11-04.01:50:25.790 [main            ] INFO  RaffleOrderTest        - The following 1 profile is active: "dev"
24-11-04.01:50:27.050 [main            ] INFO  RepositoryConfigurationDelegate - Multiple Spring Data modules found, entering strict repository configuration mode
24-11-04.01:50:27.055 [main            ] INFO  RepositoryConfigurationDelegate - Bootstrapping Spring Data Redis repositories in DEFAULT mode.
24-11-04.01:50:27.111 [main            ] INFO  RepositoryConfigurationDelegate - Finished Spring Data repository scanning in 28 ms. Found 0 Redis repository interfaces.
24-11-04.01:50:29.283 [main            ] INFO  Version                - Redisson 3.23.4
24-11-04.01:50:29.485 [redisson-netty-2-4] INFO  MasterPubSubConnectionPool - 1 connections initialized for 127.0.0.1/127.0.0.1:16379
24-11-04.01:50:29.504 [redisson-netty-2-13] INFO  MasterConnectionPool   - 5 connections initialized for 127.0.0.1/127.0.0.1:16379
24-11-04.01:50:31.985 [main            ] INFO  EndpointLinksResolver  - Exposing 1 endpoint(s) beneath base path '/actuator'
24-11-04.01:50:32.068 [main            ] INFO  CachingConnectionFactory - Attempting to connect to: [127.0.0.1:5672]
24-11-04.01:50:32.117 [main            ] INFO  CachingConnectionFactory - Created new connection: rabbitConnectionFactory#52c46334:0/SimpleConnection@14993306 [delegate=amqp://admin@127.0.0.1:5672/, localPort= 52844]
24-11-04.01:50:32.193 [main            ] INFO  RaffleOrderTest        - Started RaffleOrderTest in 6.978 seconds (JVM running for 7.867)
24-11-04.01:50:32.461 [main            ] INFO  HikariDataSource       - Retail_HikariCP - Starting...
24-11-04.01:50:32.702 [main            ] INFO  HikariDataSource       - Retail_HikariCP - Start completed.
24-11-04.01:50:32.740 [main            ] INFO  RaffleOrderTest        - 装配活动：false
24-11-04.01:50:32.792 [main            ] INFO  ActivityBaseActionChain - 活动责任链-基础信息【有效期， 状态】校验开始: sku:9011, activityId:100301
24-11-04.01:50:32.792 [main            ] INFO  ActivitySkuStockActionChain - 活动责任链-商品库存处理【校验&扣减】开始。sku:9011, activityId:100301
24-11-04.01:50:32.795 [main            ] WARN  RaffleOrderTest        - 活动库存不足
24-11-04.01:50:32.799 [main            ] INFO  ActivityBaseActionChain - 活动责任链-基础信息【有效期， 状态】校验开始: sku:9011, activityId:100301
24-11-04.01:50:32.799 [main            ] INFO  ActivitySkuStockActionChain - 活动责任链-商品库存处理【校验&扣减】开始。sku:9011, activityId:100301
24-11-04.01:50:32.801 [main            ] WARN  RaffleOrderTest        - 活动库存不足
24-11-04.01:50:32.805 [main            ] INFO  ActivityBaseActionChain - 活动责任链-基础信息【有效期， 状态】校验开始: sku:9011, activityId:100301
24-11-04.01:50:32.806 [main            ] INFO  ActivitySkuStockActionChain - 活动责任链-商品库存处理【校验&扣减】开始。sku:9011, activityId:100301
24-11-04.01:50:32.807 [main            ] WARN  RaffleOrderTest        - 活动库存不足
24-11-04.01:50:32.811 [main            ] INFO  ActivityBaseActionChain - 活动责任链-基础信息【有效期， 状态】校验开始: sku:9011, activityId:100301
24-11-04.01:50:32.812 [main            ] INFO  ActivitySkuStockActionChain - 活动责任链-商品库存处理【校验&扣减】开始。sku:9011, activityId:100301
24-11-04.01:50:32.813 [main            ] WARN  RaffleOrderTest        - 活动库存不足
24-11-04.01:50:32.818 [main            ] INFO  ActivityBaseActionChain - 活动责任链-基础信息【有效期， 状态】校验开始: sku:9011, activityId:100301
24-11-04.01:50:32.818 [main            ] INFO  ActivitySkuStockActionChain - 活动责任链-商品库存处理【校验&扣减】开始。sku:9011, activityId:100301
24-11-04.01:50:32.819 [main            ] WARN  RaffleOrderTest        - 活动库存不足
24-11-04.01:50:32.823 [main            ] INFO  ActivityBaseActionChain - 活动责任链-基础信息【有效期， 状态】校验开始: sku:9011, activityId:100301
24-11-04.01:50:32.823 [main            ] INFO  ActivitySkuStockActionChain - 活动责任链-商品库存处理【校验&扣减】开始。sku:9011, activityId:100301
24-11-04.01:50:32.825 [main            ] WARN  RaffleOrderTest        - 活动库存不足
24-11-04.01:50:32.828 [main            ] INFO  ActivityBaseActionChain - 活动责任链-基础信息【有效期， 状态】校验开始: sku:9011, activityId:100301
24-11-04.01:50:32.829 [main            ] INFO  ActivitySkuStockActionChain - 活动责任链-商品库存处理【校验&扣减】开始。sku:9011, activityId:100301
24-11-04.01:50:32.830 [main            ] WARN  RaffleOrderTest        - 活动库存不足
24-11-04.01:50:32.834 [main            ] INFO  ActivityBaseActionChain - 活动责任链-基础信息【有效期， 状态】校验开始: sku:9011, activityId:100301
24-11-04.01:50:32.834 [main            ] INFO  ActivitySkuStockActionChain - 活动责任链-商品库存处理【校验&扣减】开始。sku:9011, activityId:100301
24-11-04.01:50:32.836 [main            ] WARN  RaffleOrderTest        - 活动库存不足
24-11-04.01:50:32.839 [main            ] INFO  ActivityBaseActionChain - 活动责任链-基础信息【有效期， 状态】校验开始: sku:9011, activityId:100301
24-11-04.01:50:32.839 [main            ] INFO  ActivitySkuStockActionChain - 活动责任链-商品库存处理【校验&扣减】开始。sku:9011, activityId:100301
24-11-04.01:50:32.840 [main            ] WARN  RaffleOrderTest        - 活动库存不足
24-11-04.01:50:32.844 [main            ] INFO  ActivityBaseActionChain - 活动责任链-基础信息【有效期， 状态】校验开始: sku:9011, activityId:100301
24-11-04.01:50:32.844 [main            ] INFO  ActivitySkuStockActionChain - 活动责任链-商品库存处理【校验&扣减】开始。sku:9011, activityId:100301
24-11-04.01:50:32.845 [main            ] WARN  RaffleOrderTest        - 活动库存不足
24-11-04.01:50:32.849 [main            ] INFO  ActivityBaseActionChain - 活动责任链-基础信息【有效期， 状态】校验开始: sku:9011, activityId:100301
24-11-04.01:50:32.849 [main            ] INFO  ActivitySkuStockActionChain - 活动责任链-商品库存处理【校验&扣减】开始。sku:9011, activityId:100301
24-11-04.01:50:32.850 [main            ] WARN  RaffleOrderTest        - 活动库存不足
24-11-04.01:50:32.853 [main            ] INFO  ActivityBaseActionChain - 活动责任链-基础信息【有效期， 状态】校验开始: sku:9011, activityId:100301
24-11-04.01:50:32.853 [main            ] INFO  ActivitySkuStockActionChain - 活动责任链-商品库存处理【校验&扣减】开始。sku:9011, activityId:100301
24-11-04.01:50:32.854 [main            ] WARN  RaffleOrderTest        - 活动库存不足
24-11-04.01:50:32.857 [main            ] INFO  ActivityBaseActionChain - 活动责任链-基础信息【有效期， 状态】校验开始: sku:9011, activityId:100301
24-11-04.01:50:32.857 [main            ] INFO  ActivitySkuStockActionChain - 活动责任链-商品库存处理【校验&扣减】开始。sku:9011, activityId:100301
24-11-04.01:50:32.858 [main            ] WARN  RaffleOrderTest        - 活动库存不足
24-11-04.01:50:32.862 [main            ] INFO  ActivityBaseActionChain - 活动责任链-基础信息【有效期， 状态】校验开始: sku:9011, activityId:100301
24-11-04.01:50:32.862 [main            ] INFO  ActivitySkuStockActionChain - 活动责任链-商品库存处理【校验&扣减】开始。sku:9011, activityId:100301
24-11-04.01:50:32.863 [main            ] WARN  RaffleOrderTest        - 活动库存不足
24-11-04.01:50:32.869 [main            ] INFO  ActivityBaseActionChain - 活动责任链-基础信息【有效期， 状态】校验开始: sku:9011, activityId:100301
24-11-04.01:50:32.869 [main            ] INFO  ActivitySkuStockActionChain - 活动责任链-商品库存处理【校验&扣减】开始。sku:9011, activityId:100301
24-11-04.01:50:32.870 [main            ] WARN  RaffleOrderTest        - 活动库存不足
24-11-04.01:50:32.874 [main            ] INFO  ActivityBaseActionChain - 活动责任链-基础信息【有效期， 状态】校验开始: sku:9011, activityId:100301
24-11-04.01:50:32.874 [main            ] INFO  ActivitySkuStockActionChain - 活动责任链-商品库存处理【校验&扣减】开始。sku:9011, activityId:100301
24-11-04.01:50:32.876 [main            ] WARN  RaffleOrderTest        - 活动库存不足
24-11-04.01:50:32.879 [main            ] INFO  ActivityBaseActionChain - 活动责任链-基础信息【有效期， 状态】校验开始: sku:9011, activityId:100301
24-11-04.01:50:32.879 [main            ] INFO  ActivitySkuStockActionChain - 活动责任链-商品库存处理【校验&扣减】开始。sku:9011, activityId:100301
24-11-04.01:50:32.879 [main            ] WARN  RaffleOrderTest        - 活动库存不足
24-11-04.01:50:32.883 [main            ] INFO  ActivityBaseActionChain - 活动责任链-基础信息【有效期， 状态】校验开始: sku:9011, activityId:100301
24-11-04.01:50:32.883 [main            ] INFO  ActivitySkuStockActionChain - 活动责任链-商品库存处理【校验&扣减】开始。sku:9011, activityId:100301
24-11-04.01:50:32.884 [main            ] WARN  RaffleOrderTest        - 活动库存不足
24-11-04.01:50:32.887 [main            ] INFO  ActivityBaseActionChain - 活动责任链-基础信息【有效期， 状态】校验开始: sku:9011, activityId:100301
24-11-04.01:50:32.887 [main            ] INFO  ActivitySkuStockActionChain - 活动责任链-商品库存处理【校验&扣减】开始。sku:9011, activityId:100301
24-11-04.01:50:32.888 [main            ] WARN  RaffleOrderTest        - 活动库存不足
24-11-04.01:50:32.891 [main            ] INFO  ActivityBaseActionChain - 活动责任链-基础信息【有效期， 状态】校验开始: sku:9011, activityId:100301
24-11-04.01:50:32.892 [main            ] INFO  ActivitySkuStockActionChain - 活动责任链-商品库存处理【校验&扣减】开始。sku:9011, activityId:100301
24-11-04.01:50:32.892 [main            ] WARN  RaffleOrderTest        - 活动库存不足
24-11-04.01:50:35.000 [scheduling-1    ] INFO  UpdateAwardStockJob    - 定时任务，更新奖品库存 【延迟队列获取， 降低对数据库的更新频次，不要产生竞争】
24-11-04.01:50:35.017 [scheduling-1    ] INFO  UpdateActivitySkuStockJob - 定时任务， 更新活动sku库存【延迟队列获取，降低对数据库的更新频率，不要产生竞争】
24-11-04.01:50:40.000 [scheduling-1    ] INFO  UpdateAwardStockJob    - 定时任务，更新奖品库存 【延迟队列获取， 降低对数据库的更新频次，不要产生竞争】
24-11-04.01:50:40.002 [scheduling-1    ] INFO  UpdateActivitySkuStockJob - 定时任务， 更新活动sku库存【延迟队列获取，降低对数据库的更新频率，不要产生竞争】
24-11-04.01:50:43.734 [org.springframework.amqp.rabbit.RabbitListenerEndpointContainer#0-2] INFO  SimpleMessageListenerContainer - Waiting for workers to finish.
24-11-04.01:50:44.176 [org.springframework.amqp.rabbit.RabbitListenerEndpointContainer#0-2] INFO  SimpleMessageListenerContainer - Successfully waited for workers to finish.
24-11-04.01:50:44.180 [SpringApplicationShutdownHook] INFO  SimpleMessageListenerContainer - Shutdown ignored - container is already stopped
24-11-04.01:50:54.382 [main            ] INFO  RaffleOrderTest        - Starting RaffleOrderTest using Java 1.8.0_432 on myarch with PID 337888 (started by mufen in /home/mufen/Downloads/big-market/big-market-app)
24-11-04.01:50:54.383 [main            ] INFO  RaffleOrderTest        - The following 1 profile is active: "dev"
24-11-04.01:50:55.598 [main            ] INFO  RepositoryConfigurationDelegate - Multiple Spring Data modules found, entering strict repository configuration mode
24-11-04.01:50:55.602 [main            ] INFO  RepositoryConfigurationDelegate - Bootstrapping Spring Data Redis repositories in DEFAULT mode.
24-11-04.01:50:55.649 [main            ] INFO  RepositoryConfigurationDelegate - Finished Spring Data repository scanning in 30 ms. Found 0 Redis repository interfaces.
24-11-04.01:50:58.176 [main            ] INFO  Version                - Redisson 3.23.4
24-11-04.01:50:58.455 [redisson-netty-2-4] INFO  MasterPubSubConnectionPool - 1 connections initialized for 127.0.0.1/127.0.0.1:16379
24-11-04.01:50:58.473 [redisson-netty-2-13] INFO  MasterConnectionPool   - 5 connections initialized for 127.0.0.1/127.0.0.1:16379
24-11-04.01:51:01.900 [main            ] INFO  EndpointLinksResolver  - Exposing 1 endpoint(s) beneath base path '/actuator'
24-11-04.01:51:02.007 [main            ] INFO  CachingConnectionFactory - Attempting to connect to: [127.0.0.1:5672]
24-11-04.01:51:02.060 [main            ] INFO  CachingConnectionFactory - Created new connection: rabbitConnectionFactory#4aa3fc9a:0/SimpleConnection@46b21632 [delegate=amqp://admin@127.0.0.1:5672/, localPort= 42330]
24-11-04.01:51:02.131 [main            ] INFO  RaffleOrderTest        - Started RaffleOrderTest in 8.345 seconds (JVM running for 9.211)
24-11-04.01:51:02.365 [main            ] INFO  HikariDataSource       - Retail_HikariCP - Starting...
24-11-04.01:51:02.600 [main            ] INFO  HikariDataSource       - Retail_HikariCP - Start completed.
24-11-04.01:51:02.641 [main            ] INFO  RaffleOrderTest        - 装配活动：false
24-11-04.01:51:02.690 [main            ] INFO  ActivityBaseActionChain - 活动责任链-基础信息【有效期， 状态】校验开始: sku:9011, activityId:100301
24-11-04.01:51:02.690 [main            ] INFO  ActivitySkuStockActionChain - 活动责任链-商品库存处理【校验&扣减】开始。sku:9011, activityId:100301
24-11-04.01:51:02.692 [main            ] INFO  ActivitySkuStockActionChain - 活动责任链-商品库存处理【校验&扣减】成功。sku:9011, activityId:100301
24-11-04.01:51:02.718 [main            ] INFO  HikariDataSource       - Retail_HikariCP - Starting...
24-11-04.01:51:02.736 [main            ] INFO  HikariDataSource       - Retail_HikariCP - Start completed.
24-11-04.01:51:02.856 [main            ] INFO  RaffleOrderTest        - 测试结果：477313599598
24-11-04.01:51:02.892 [main            ] INFO  ActivityBaseActionChain - 活动责任链-基础信息【有效期， 状态】校验开始: sku:9011, activityId:100301
24-11-04.01:51:02.893 [main            ] INFO  ActivitySkuStockActionChain - 活动责任链-商品库存处理【校验&扣减】开始。sku:9011, activityId:100301
24-11-04.01:51:02.895 [main            ] INFO  ActivitySkuStockActionChain - 活动责任链-商品库存处理【校验&扣减】成功。sku:9011, activityId:100301
24-11-04.01:51:02.909 [main            ] INFO  RaffleOrderTest        - 测试结果：927125214979
24-11-04.01:51:02.913 [main            ] INFO  ActivityBaseActionChain - 活动责任链-基础信息【有效期， 状态】校验开始: sku:9011, activityId:100301
24-11-04.01:51:02.913 [main            ] INFO  ActivitySkuStockActionChain - 活动责任链-商品库存处理【校验&扣减】开始。sku:9011, activityId:100301
24-11-04.01:51:02.915 [main            ] INFO  ActivitySkuStockActionChain - 活动责任链-商品库存处理【校验&扣减】成功。sku:9011, activityId:100301
24-11-04.01:51:02.926 [main            ] INFO  RaffleOrderTest        - 测试结果：685924367872
24-11-04.01:51:02.930 [main            ] INFO  ActivityBaseActionChain - 活动责任链-基础信息【有效期， 状态】校验开始: sku:9011, activityId:100301
24-11-04.01:51:02.931 [main            ] INFO  ActivitySkuStockActionChain - 活动责任链-商品库存处理【校验&扣减】开始。sku:9011, activityId:100301
24-11-04.01:51:02.932 [main            ] INFO  ActivitySkuStockActionChain - 活动责任链-商品库存处理【校验&扣减】成功。sku:9011, activityId:100301
24-11-04.01:51:02.942 [main            ] INFO  RaffleOrderTest        - 测试结果：739651787281
24-11-04.01:51:02.947 [main            ] INFO  ActivityBaseActionChain - 活动责任链-基础信息【有效期， 状态】校验开始: sku:9011, activityId:100301
24-11-04.01:51:02.947 [main            ] INFO  ActivitySkuStockActionChain - 活动责任链-商品库存处理【校验&扣减】开始。sku:9011, activityId:100301
24-11-04.01:51:02.948 [main            ] INFO  ActivitySkuStockActionChain - 活动责任链-商品库存处理【校验&扣减】成功。sku:9011, activityId:100301
24-11-04.01:51:02.958 [main            ] INFO  RaffleOrderTest        - 测试结果：631430149763
24-11-04.01:51:02.961 [main            ] INFO  ActivityBaseActionChain - 活动责任链-基础信息【有效期， 状态】校验开始: sku:9011, activityId:100301
24-11-04.01:51:02.962 [main            ] INFO  ActivitySkuStockActionChain - 活动责任链-商品库存处理【校验&扣减】开始。sku:9011, activityId:100301
24-11-04.01:51:02.963 [main            ] INFO  ActivitySkuStockActionChain - 活动责任链-商品库存处理【校验&扣减】成功。sku:9011, activityId:100301
24-11-04.01:51:02.974 [main            ] INFO  RaffleOrderTest        - 测试结果：329425081222
24-11-04.01:51:02.977 [main            ] INFO  ActivityBaseActionChain - 活动责任链-基础信息【有效期， 状态】校验开始: sku:9011, activityId:100301
24-11-04.01:51:02.978 [main            ] INFO  ActivitySkuStockActionChain - 活动责任链-商品库存处理【校验&扣减】开始。sku:9011, activityId:100301
24-11-04.01:51:02.979 [main            ] INFO  ActivitySkuStockActionChain - 活动责任链-商品库存处理【校验&扣减】成功。sku:9011, activityId:100301
24-11-04.01:51:02.988 [main            ] INFO  RaffleOrderTest        - 测试结果：679292388977
24-11-04.01:51:02.991 [main            ] INFO  ActivityBaseActionChain - 活动责任链-基础信息【有效期， 状态】校验开始: sku:9011, activityId:100301
24-11-04.01:51:02.992 [main            ] INFO  ActivitySkuStockActionChain - 活动责任链-商品库存处理【校验&扣减】开始。sku:9011, activityId:100301
24-11-04.01:51:02.993 [main            ] INFO  ActivitySkuStockActionChain - 活动责任链-商品库存处理【校验&扣减】成功。sku:9011, activityId:100301
24-11-04.01:51:03.003 [main            ] INFO  RaffleOrderTest        - 测试结果：877673274782
24-11-04.01:51:03.007 [main            ] INFO  ActivityBaseActionChain - 活动责任链-基础信息【有效期， 状态】校验开始: sku:9011, activityId:100301
24-11-04.01:51:03.007 [main            ] INFO  ActivitySkuStockActionChain - 活动责任链-商品库存处理【校验&扣减】开始。sku:9011, activityId:100301
24-11-04.01:51:03.008 [main            ] INFO  ActivitySkuStockActionChain - 活动责任链-商品库存处理【校验&扣减】成功。sku:9011, activityId:100301
24-11-04.01:51:03.016 [main            ] INFO  RaffleOrderTest        - 测试结果：775359099785
24-11-04.01:51:03.020 [main            ] INFO  ActivityBaseActionChain - 活动责任链-基础信息【有效期， 状态】校验开始: sku:9011, activityId:100301
24-11-04.01:51:03.020 [main            ] INFO  ActivitySkuStockActionChain - 活动责任链-商品库存处理【校验&扣减】开始。sku:9011, activityId:100301
24-11-04.01:51:03.021 [main            ] INFO  ActivitySkuStockActionChain - 活动责任链-商品库存处理【校验&扣减】成功。sku:9011, activityId:100301
24-11-04.01:51:03.033 [main            ] INFO  RaffleOrderTest        - 测试结果：131515137926
24-11-04.01:51:03.037 [main            ] INFO  ActivityBaseActionChain - 活动责任链-基础信息【有效期， 状态】校验开始: sku:9011, activityId:100301
24-11-04.01:51:03.037 [main            ] INFO  ActivitySkuStockActionChain - 活动责任链-商品库存处理【校验&扣减】开始。sku:9011, activityId:100301
24-11-04.01:51:03.038 [main            ] INFO  ActivitySkuStockActionChain - 活动责任链-商品库存处理【校验&扣减】成功。sku:9011, activityId:100301
24-11-04.01:51:03.047 [main            ] INFO  RaffleOrderTest        - 测试结果：866866790407
24-11-04.01:51:03.051 [main            ] INFO  ActivityBaseActionChain - 活动责任链-基础信息【有效期， 状态】校验开始: sku:9011, activityId:100301
24-11-04.01:51:03.051 [main            ] INFO  ActivitySkuStockActionChain - 活动责任链-商品库存处理【校验&扣减】开始。sku:9011, activityId:100301
24-11-04.01:51:03.052 [main            ] INFO  ActivitySkuStockActionChain - 活动责任链-商品库存处理【校验&扣减】成功。sku:9011, activityId:100301
24-11-04.01:51:03.061 [main            ] INFO  RaffleOrderTest        - 测试结果：762306299384
24-11-04.01:51:03.067 [main            ] INFO  ActivityBaseActionChain - 活动责任链-基础信息【有效期， 状态】校验开始: sku:9011, activityId:100301
24-11-04.01:51:03.067 [main            ] INFO  ActivitySkuStockActionChain - 活动责任链-商品库存处理【校验&扣减】开始。sku:9011, activityId:100301
24-11-04.01:51:03.068 [main            ] INFO  ActivitySkuStockActionChain - 活动责任链-商品库存处理【校验&扣减】成功。sku:9011, activityId:100301
24-11-04.01:51:03.080 [main            ] INFO  RaffleOrderTest        - 测试结果：673913765840
24-11-04.01:51:03.083 [main            ] INFO  ActivityBaseActionChain - 活动责任链-基础信息【有效期， 状态】校验开始: sku:9011, activityId:100301
24-11-04.01:51:03.084 [main            ] INFO  ActivitySkuStockActionChain - 活动责任链-商品库存处理【校验&扣减】开始。sku:9011, activityId:100301
24-11-04.01:51:03.085 [main            ] INFO  ActivitySkuStockActionChain - 活动责任链-商品库存处理【校验&扣减】成功。sku:9011, activityId:100301
24-11-04.01:51:03.095 [main            ] INFO  RaffleOrderTest        - 测试结果：183876129245
24-11-04.01:51:03.100 [main            ] INFO  ActivityBaseActionChain - 活动责任链-基础信息【有效期， 状态】校验开始: sku:9011, activityId:100301
24-11-04.01:51:03.100 [main            ] INFO  ActivitySkuStockActionChain - 活动责任链-商品库存处理【校验&扣减】开始。sku:9011, activityId:100301
24-11-04.01:51:03.101 [main            ] INFO  ActivitySkuStockActionChain - 活动责任链-商品库存处理【校验&扣减】成功。sku:9011, activityId:100301
24-11-04.01:51:03.112 [main            ] INFO  RaffleOrderTest        - 测试结果：745471311434
24-11-04.01:51:03.115 [main            ] INFO  ActivityBaseActionChain - 活动责任链-基础信息【有效期， 状态】校验开始: sku:9011, activityId:100301
24-11-04.01:51:03.115 [main            ] INFO  ActivitySkuStockActionChain - 活动责任链-商品库存处理【校验&扣减】开始。sku:9011, activityId:100301
24-11-04.01:51:03.116 [main            ] INFO  ActivitySkuStockActionChain - 活动责任链-商品库存处理【校验&扣减】成功。sku:9011, activityId:100301
24-11-04.01:51:03.131 [main            ] INFO  RaffleOrderTest        - 测试结果：777778999570
24-11-04.01:51:03.135 [main            ] INFO  ActivityBaseActionChain - 活动责任链-基础信息【有效期， 状态】校验开始: sku:9011, activityId:100301
24-11-04.01:51:03.135 [main            ] INFO  ActivitySkuStockActionChain - 活动责任链-商品库存处理【校验&扣减】开始。sku:9011, activityId:100301
24-11-04.01:51:03.136 [main            ] INFO  ActivitySkuStockActionChain - 活动责任链-商品库存处理【校验&扣减】成功。sku:9011, activityId:100301
24-11-04.01:51:03.146 [main            ] INFO  RaffleOrderTest        - 测试结果：484347716876
24-11-04.01:51:03.149 [main            ] INFO  ActivityBaseActionChain - 活动责任链-基础信息【有效期， 状态】校验开始: sku:9011, activityId:100301
24-11-04.01:51:03.149 [main            ] INFO  ActivitySkuStockActionChain - 活动责任链-商品库存处理【校验&扣减】开始。sku:9011, activityId:100301
24-11-04.01:51:03.150 [main            ] INFO  ActivitySkuStockActionChain - 活动责任链-商品库存处理【校验&扣减】成功。sku:9011, activityId:100301
24-11-04.01:51:03.158 [main            ] INFO  RaffleOrderTest        - 测试结果：203190675969
24-11-04.01:51:03.161 [main            ] INFO  ActivityBaseActionChain - 活动责任链-基础信息【有效期， 状态】校验开始: sku:9011, activityId:100301
24-11-04.01:51:03.161 [main            ] INFO  ActivitySkuStockActionChain - 活动责任链-商品库存处理【校验&扣减】开始。sku:9011, activityId:100301
24-11-04.01:51:03.162 [main            ] INFO  ActivitySkuStockActionChain - 活动责任链-商品库存处理【校验&扣减】成功。sku:9011, activityId:100301
24-11-04.01:51:03.170 [main            ] INFO  RaffleOrderTest        - 测试结果：757779401544
24-11-04.01:51:03.173 [main            ] INFO  ActivityBaseActionChain - 活动责任链-基础信息【有效期， 状态】校验开始: sku:9011, activityId:100301
24-11-04.01:51:03.173 [main            ] INFO  ActivitySkuStockActionChain - 活动责任链-商品库存处理【校验&扣减】开始。sku:9011, activityId:100301
24-11-04.01:51:03.312 [main            ] INFO  EventPublisher         - 发送MQ消息 topic: activity_sku_stock_zero, message: {"data":9011,"id":"03546305382","timestamp":1730656263174}
24-11-04.01:51:03.313 [main            ] WARN  RaffleOrderTest        - 活动库存不足
24-11-04.01:51:03.324 [org.springframework.amqp.rabbit.RabbitListenerEndpointContainer#0-1] INFO  ActivitySkuStockZeroCustomer - 监听活动sku库存消耗为0消息 topic:activity_sku_stock_zero message:{"data":9011,"id":"03546305382","timestamp":1730656263174}
24-11-04.01:51:05.000 [scheduling-1    ] INFO  UpdateAwardStockJob    - 定时任务，更新奖品库存 【延迟队列获取， 降低对数据库的更新频次，不要产生竞争】
24-11-04.01:51:05.013 [scheduling-1    ] INFO  UpdateActivitySkuStockJob - 定时任务， 更新活动sku库存【延迟队列获取，降低对数据库的更新频率，不要产生竞争】
24-11-04.01:51:10.000 [scheduling-1    ] INFO  UpdateAwardStockJob    - 定时任务，更新奖品库存 【延迟队列获取， 降低对数据库的更新频次，不要产生竞争】
24-11-04.01:51:10.001 [scheduling-1    ] INFO  UpdateActivitySkuStockJob - 定时任务， 更新活动sku库存【延迟队列获取，降低对数据库的更新频率，不要产生竞争】
24-11-04.01:51:10.003 [scheduling-1    ] INFO  UpdateActivitySkuStockJob - 定时任务， 更新活动sku库存 sku:9011 activityId:100301
24-11-04.01:51:15.001 [scheduling-1    ] INFO  UpdateAwardStockJob    - 定时任务，更新奖品库存 【延迟队列获取， 降低对数据库的更新频次，不要产生竞争】
24-11-04.01:51:15.003 [scheduling-1    ] INFO  UpdateActivitySkuStockJob - 定时任务， 更新活动sku库存【延迟队列获取，降低对数据库的更新频率，不要产生竞争】
24-11-04.01:51:15.005 [scheduling-1    ] INFO  UpdateActivitySkuStockJob - 定时任务， 更新活动sku库存 sku:9011 activityId:100301
24-11-04.01:51:20.001 [scheduling-1    ] INFO  UpdateAwardStockJob    - 定时任务，更新奖品库存 【延迟队列获取， 降低对数据库的更新频次，不要产生竞争】
24-11-04.01:51:20.003 [scheduling-1    ] INFO  UpdateActivitySkuStockJob - 定时任务， 更新活动sku库存【延迟队列获取，降低对数据库的更新频率，不要产生竞争】
24-11-04.01:51:20.004 [scheduling-1    ] INFO  UpdateActivitySkuStockJob - 定时任务， 更新活动sku库存 sku:9011 activityId:100301
24-11-04.01:51:24.350 [org.springframework.amqp.rabbit.RabbitListenerEndpointContainer#0-2] INFO  SimpleMessageListenerContainer - Waiting for workers to finish.
24-11-04.01:51:24.371 [org.springframework.amqp.rabbit.RabbitListenerEndpointContainer#0-2] INFO  SimpleMessageListenerContainer - Successfully waited for workers to finish.
24-11-04.01:51:24.375 [SpringApplicationShutdownHook] INFO  SimpleMessageListenerContainer - Shutdown ignored - container is already stopped
