24-10-17.01:20:37.214 [main            ] INFO  StrategyArmoryTest     - Starting StrategyArmoryTest using Java 1.8.0_422 on myarch with PID 56578 (started by mufen in /home/mufen/Downloads/big-market/big-market-app)
24-10-17.01:20:37.216 [main            ] INFO  StrategyArmoryTest     - The following 1 profile is active: "dev"
24-10-17.01:20:38.343 [main            ] INFO  RepositoryConfigurationDelegate - Multiple Spring Data modules found, entering strict repository configuration mode
24-10-17.01:20:38.348 [main            ] INFO  RepositoryConfigurationDelegate - Bootstrapping Spring Data Redis repositories in DEFAULT mode.
24-10-17.01:20:38.389 [main            ] INFO  RepositoryConfigurationDelegate - Finished Spring Data repository scanning in 13 ms. Found 0 Redis repository interfaces.
24-10-17.01:20:39.372 [main            ] WARN  GenericWebApplicationContext - Exception encountered during context initialization - cancelling refresh attempt: org.springframework.beans.factory.BeanCreationException: Error creating bean with name 'strategyArmory': Injection of resource dependencies failed; nested exception is org.springframework.beans.factory.NoSuchBeanDefinitionException: No qualifying bean of type 'site.mufen.domain.strategy.repository.IStrategyRepository' available: expected at least 1 bean which qualifies as autowire candidate. Dependency annotations: {@javax.annotation.Resource(shareable=true, lookup=, name=, description=, authenticationType=CONTAINER, type=class java.lang.Object, mappedName=)}
24-10-17.01:20:39.393 [main            ] INFO  ConditionEvaluationReportLoggingListener - 

Error starting ApplicationContext. To display the conditions report re-run your application with 'debug' enabled.
24-10-17.01:20:39.424 [main            ] ERROR LoggingFailureAnalysisReporter - 

***************************
APPLICATION FAILED TO START
***************************

Description:

A component required a bean of type 'site.mufen.domain.strategy.repository.IStrategyRepository' that could not be found.


Action:

Consider defining a bean of type 'site.mufen.domain.strategy.repository.IStrategyRepository' in your configuration.

24-10-17.01:20:39.427 [main            ] ERROR TestContextManager     - Caught exception while allowing TestExecutionListener [org.springframework.test.context.web.ServletTestExecutionListener@7770f470] to prepare test instance [site.mufen.test.domain.StrategyArmoryDispatchTest@2f0bfe17]
java.lang.IllegalStateException: Failed to load ApplicationContext
	at org.springframework.test.context.cache.DefaultCacheAwareContextLoaderDelegate.loadContext(DefaultCacheAwareContextLoaderDelegate.java:98)
	at org.springframework.test.context.support.DefaultTestContext.getApplicationContext(DefaultTestContext.java:124)
	at org.springframework.test.context.web.ServletTestExecutionListener.setUpRequestContextIfNecessary(ServletTestExecutionListener.java:190)
	at org.springframework.test.context.web.ServletTestExecutionListener.prepareTestInstance(ServletTestExecutionListener.java:132)
	at org.springframework.test.context.TestContextManager.prepareTestInstance(TestContextManager.java:248)
	at org.springframework.test.context.junit4.SpringJUnit4ClassRunner.createTest(SpringJUnit4ClassRunner.java:227)
	at org.springframework.test.context.junit4.SpringJUnit4ClassRunner$1.runReflectiveCall(SpringJUnit4ClassRunner.java:289)
	at org.junit.internal.runners.model.ReflectiveCallable.run(ReflectiveCallable.java:12)
	at org.springframework.test.context.junit4.SpringJUnit4ClassRunner.methodBlock(SpringJUnit4ClassRunner.java:291)
	at org.springframework.test.context.junit4.SpringJUnit4ClassRunner.runChild(SpringJUnit4ClassRunner.java:246)
	at org.springframework.test.context.junit4.SpringJUnit4ClassRunner.runChild(SpringJUnit4ClassRunner.java:97)
	at org.junit.runners.ParentRunner$4.run(ParentRunner.java:331)
	at org.junit.runners.ParentRunner$1.schedule(ParentRunner.java:79)
	at org.junit.runners.ParentRunner.runChildren(ParentRunner.java:329)
	at org.junit.runners.ParentRunner.access$100(ParentRunner.java:66)
	at org.junit.runners.ParentRunner$2.evaluate(ParentRunner.java:293)
	at org.springframework.test.context.junit4.statements.RunBeforeTestClassCallbacks.evaluate(RunBeforeTestClassCallbacks.java:61)
	at org.springframework.test.context.junit4.statements.RunAfterTestClassCallbacks.evaluate(RunAfterTestClassCallbacks.java:70)
	at org.junit.runners.ParentRunner$3.evaluate(ParentRunner.java:306)
	at org.junit.runners.ParentRunner.run(ParentRunner.java:413)
	at org.springframework.test.context.junit4.SpringJUnit4ClassRunner.run(SpringJUnit4ClassRunner.java:190)
	at org.junit.runner.JUnitCore.run(JUnitCore.java:137)
	at com.intellij.junit4.JUnit4IdeaTestRunner.startRunnerWithArgs(JUnit4IdeaTestRunner.java:69)
	at com.intellij.rt.junit.IdeaTestRunner$Repeater$1.execute(IdeaTestRunner.java:38)
	at com.intellij.rt.execution.junit.TestsRepeater.repeat(TestsRepeater.java:11)
	at com.intellij.rt.junit.IdeaTestRunner$Repeater.startRunnerWithArgs(IdeaTestRunner.java:35)
	at com.intellij.rt.junit.JUnitStarter.prepareStreamsAndStart(JUnitStarter.java:232)
	at com.intellij.rt.junit.JUnitStarter.main(JUnitStarter.java:55)
Caused by: org.springframework.beans.factory.BeanCreationException: Error creating bean with name 'strategyArmory': Injection of resource dependencies failed; nested exception is org.springframework.beans.factory.NoSuchBeanDefinitionException: No qualifying bean of type 'site.mufen.domain.strategy.repository.IStrategyRepository' available: expected at least 1 bean which qualifies as autowire candidate. Dependency annotations: {@javax.annotation.Resource(shareable=true, lookup=, name=, description=, authenticationType=CONTAINER, type=class java.lang.Object, mappedName=)}
	at org.springframework.context.annotation.CommonAnnotationBeanPostProcessor.postProcessProperties(CommonAnnotationBeanPostProcessor.java:332)
	at org.springframework.beans.factory.support.AbstractAutowireCapableBeanFactory.populateBean(AbstractAutowireCapableBeanFactory.java:1431)
	at org.springframework.beans.factory.support.AbstractAutowireCapableBeanFactory.doCreateBean(AbstractAutowireCapableBeanFactory.java:619)
	at org.springframework.beans.factory.support.AbstractAutowireCapableBeanFactory.createBean(AbstractAutowireCapableBeanFactory.java:542)
	at org.springframework.beans.factory.support.AbstractBeanFactory.lambda$doGetBean$0(AbstractBeanFactory.java:335)
	at org.springframework.beans.factory.support.DefaultSingletonBeanRegistry.getSingleton(DefaultSingletonBeanRegistry.java:234)
	at org.springframework.beans.factory.support.AbstractBeanFactory.doGetBean(AbstractBeanFactory.java:333)
	at org.springframework.beans.factory.support.AbstractBeanFactory.getBean(AbstractBeanFactory.java:208)
	at org.springframework.beans.factory.support.DefaultListableBeanFactory.preInstantiateSingletons(DefaultListableBeanFactory.java:955)
	at org.springframework.context.support.AbstractApplicationContext.finishBeanFactoryInitialization(AbstractApplicationContext.java:920)
	at org.springframework.context.support.AbstractApplicationContext.refresh(AbstractApplicationContext.java:583)
	at org.springframework.boot.SpringApplication.refresh(SpringApplication.java:731)
	at org.springframework.boot.SpringApplication.refreshContext(SpringApplication.java:408)
	at org.springframework.boot.SpringApplication.run(SpringApplication.java:307)
	at org.springframework.boot.test.context.SpringBootContextLoader.loadContext(SpringBootContextLoader.java:136)
	at org.springframework.test.context.cache.DefaultCacheAwareContextLoaderDelegate.loadContextInternal(DefaultCacheAwareContextLoaderDelegate.java:141)
	at org.springframework.test.context.cache.DefaultCacheAwareContextLoaderDelegate.loadContext(DefaultCacheAwareContextLoaderDelegate.java:90)
	... 27 common frames omitted
Caused by: org.springframework.beans.factory.NoSuchBeanDefinitionException: No qualifying bean of type 'site.mufen.domain.strategy.repository.IStrategyRepository' available: expected at least 1 bean which qualifies as autowire candidate. Dependency annotations: {@javax.annotation.Resource(shareable=true, lookup=, name=, description=, authenticationType=CONTAINER, type=class java.lang.Object, mappedName=)}
	at org.springframework.beans.factory.support.DefaultListableBeanFactory.raiseNoMatchingBeanFound(DefaultListableBeanFactory.java:1801)
	at org.springframework.beans.factory.support.DefaultListableBeanFactory.doResolveDependency(DefaultListableBeanFactory.java:1357)
	at org.springframework.beans.factory.support.DefaultListableBeanFactory.resolveDependency(DefaultListableBeanFactory.java:1311)
	at org.springframework.context.annotation.CommonAnnotationBeanPostProcessor.autowireResource(CommonAnnotationBeanPostProcessor.java:544)
	at org.springframework.context.annotation.CommonAnnotationBeanPostProcessor.getResource(CommonAnnotationBeanPostProcessor.java:520)
	at org.springframework.context.annotation.CommonAnnotationBeanPostProcessor$ResourceElement.getResourceToInject(CommonAnnotationBeanPostProcessor.java:673)
	at org.springframework.beans.factory.annotation.InjectionMetadata$InjectedElement.inject(InjectionMetadata.java:228)
	at org.springframework.beans.factory.annotation.InjectionMetadata.inject(InjectionMetadata.java:119)
	at org.springframework.context.annotation.CommonAnnotationBeanPostProcessor.postProcessProperties(CommonAnnotationBeanPostProcessor.java:329)
	... 43 common frames omitted
24-10-17.01:21:43.465 [main            ] INFO  StrategyArmoryTest     - Starting StrategyArmoryTest using Java 1.8.0_422 on myarch with PID 56941 (started by mufen in /home/mufen/Downloads/big-market/big-market-app)
24-10-17.01:21:43.466 [main            ] INFO  StrategyArmoryTest     - The following 1 profile is active: "dev"
24-10-17.01:21:44.503 [main            ] INFO  RepositoryConfigurationDelegate - Multiple Spring Data modules found, entering strict repository configuration mode
24-10-17.01:21:44.508 [main            ] INFO  RepositoryConfigurationDelegate - Bootstrapping Spring Data Redis repositories in DEFAULT mode.
24-10-17.01:21:44.547 [main            ] INFO  RepositoryConfigurationDelegate - Finished Spring Data repository scanning in 14 ms. Found 0 Redis repository interfaces.
24-10-17.01:21:45.516 [main            ] WARN  GenericWebApplicationContext - Exception encountered during context initialization - cancelling refresh attempt: org.springframework.beans.factory.BeanCreationException: Error creating bean with name 'strategyArmory': Injection of resource dependencies failed; nested exception is org.springframework.beans.factory.NoSuchBeanDefinitionException: No qualifying bean of type 'site.mufen.domain.strategy.repository.IStrategyRepository' available: expected at least 1 bean which qualifies as autowire candidate. Dependency annotations: {@javax.annotation.Resource(shareable=true, lookup=, name=, description=, authenticationType=CONTAINER, type=class java.lang.Object, mappedName=)}
24-10-17.01:21:45.536 [main            ] INFO  ConditionEvaluationReportLoggingListener - 

Error starting ApplicationContext. To display the conditions report re-run your application with 'debug' enabled.
24-10-17.01:21:45.559 [main            ] ERROR LoggingFailureAnalysisReporter - 

***************************
APPLICATION FAILED TO START
***************************

Description:

A component required a bean of type 'site.mufen.domain.strategy.repository.IStrategyRepository' that could not be found.


Action:

Consider defining a bean of type 'site.mufen.domain.strategy.repository.IStrategyRepository' in your configuration.

24-10-17.01:21:45.562 [main            ] ERROR TestContextManager     - Caught exception while allowing TestExecutionListener [org.springframework.test.context.web.ServletTestExecutionListener@6025e1b6] to prepare test instance [site.mufen.test.domain.StrategyArmoryDispatchTest@77681ce4]
java.lang.IllegalStateException: Failed to load ApplicationContext
	at org.springframework.test.context.cache.DefaultCacheAwareContextLoaderDelegate.loadContext(DefaultCacheAwareContextLoaderDelegate.java:98)
	at org.springframework.test.context.support.DefaultTestContext.getApplicationContext(DefaultTestContext.java:124)
	at org.springframework.test.context.web.ServletTestExecutionListener.setUpRequestContextIfNecessary(ServletTestExecutionListener.java:190)
	at org.springframework.test.context.web.ServletTestExecutionListener.prepareTestInstance(ServletTestExecutionListener.java:132)
	at org.springframework.test.context.TestContextManager.prepareTestInstance(TestContextManager.java:248)
	at org.springframework.test.context.junit4.SpringJUnit4ClassRunner.createTest(SpringJUnit4ClassRunner.java:227)
	at org.springframework.test.context.junit4.SpringJUnit4ClassRunner$1.runReflectiveCall(SpringJUnit4ClassRunner.java:289)
	at org.junit.internal.runners.model.ReflectiveCallable.run(ReflectiveCallable.java:12)
	at org.springframework.test.context.junit4.SpringJUnit4ClassRunner.methodBlock(SpringJUnit4ClassRunner.java:291)
	at org.springframework.test.context.junit4.SpringJUnit4ClassRunner.runChild(SpringJUnit4ClassRunner.java:246)
	at org.springframework.test.context.junit4.SpringJUnit4ClassRunner.runChild(SpringJUnit4ClassRunner.java:97)
	at org.junit.runners.ParentRunner$4.run(ParentRunner.java:331)
	at org.junit.runners.ParentRunner$1.schedule(ParentRunner.java:79)
	at org.junit.runners.ParentRunner.runChildren(ParentRunner.java:329)
	at org.junit.runners.ParentRunner.access$100(ParentRunner.java:66)
	at org.junit.runners.ParentRunner$2.evaluate(ParentRunner.java:293)
	at org.springframework.test.context.junit4.statements.RunBeforeTestClassCallbacks.evaluate(RunBeforeTestClassCallbacks.java:61)
	at org.springframework.test.context.junit4.statements.RunAfterTestClassCallbacks.evaluate(RunAfterTestClassCallbacks.java:70)
	at org.junit.runners.ParentRunner$3.evaluate(ParentRunner.java:306)
	at org.junit.runners.ParentRunner.run(ParentRunner.java:413)
	at org.springframework.test.context.junit4.SpringJUnit4ClassRunner.run(SpringJUnit4ClassRunner.java:190)
	at org.junit.runner.JUnitCore.run(JUnitCore.java:137)
	at com.intellij.junit4.JUnit4IdeaTestRunner.startRunnerWithArgs(JUnit4IdeaTestRunner.java:69)
	at com.intellij.rt.junit.IdeaTestRunner$Repeater$1.execute(IdeaTestRunner.java:38)
	at com.intellij.rt.execution.junit.TestsRepeater.repeat(TestsRepeater.java:11)
	at com.intellij.rt.junit.IdeaTestRunner$Repeater.startRunnerWithArgs(IdeaTestRunner.java:35)
	at com.intellij.rt.junit.JUnitStarter.prepareStreamsAndStart(JUnitStarter.java:232)
	at com.intellij.rt.junit.JUnitStarter.main(JUnitStarter.java:55)
Caused by: org.springframework.beans.factory.BeanCreationException: Error creating bean with name 'strategyArmory': Injection of resource dependencies failed; nested exception is org.springframework.beans.factory.NoSuchBeanDefinitionException: No qualifying bean of type 'site.mufen.domain.strategy.repository.IStrategyRepository' available: expected at least 1 bean which qualifies as autowire candidate. Dependency annotations: {@javax.annotation.Resource(shareable=true, lookup=, name=, description=, authenticationType=CONTAINER, type=class java.lang.Object, mappedName=)}
	at org.springframework.context.annotation.CommonAnnotationBeanPostProcessor.postProcessProperties(CommonAnnotationBeanPostProcessor.java:332)
	at org.springframework.beans.factory.support.AbstractAutowireCapableBeanFactory.populateBean(AbstractAutowireCapableBeanFactory.java:1431)
	at org.springframework.beans.factory.support.AbstractAutowireCapableBeanFactory.doCreateBean(AbstractAutowireCapableBeanFactory.java:619)
	at org.springframework.beans.factory.support.AbstractAutowireCapableBeanFactory.createBean(AbstractAutowireCapableBeanFactory.java:542)
	at org.springframework.beans.factory.support.AbstractBeanFactory.lambda$doGetBean$0(AbstractBeanFactory.java:335)
	at org.springframework.beans.factory.support.DefaultSingletonBeanRegistry.getSingleton(DefaultSingletonBeanRegistry.java:234)
	at org.springframework.beans.factory.support.AbstractBeanFactory.doGetBean(AbstractBeanFactory.java:333)
	at org.springframework.beans.factory.support.AbstractBeanFactory.getBean(AbstractBeanFactory.java:208)
	at org.springframework.beans.factory.support.DefaultListableBeanFactory.preInstantiateSingletons(DefaultListableBeanFactory.java:955)
	at org.springframework.context.support.AbstractApplicationContext.finishBeanFactoryInitialization(AbstractApplicationContext.java:920)
	at org.springframework.context.support.AbstractApplicationContext.refresh(AbstractApplicationContext.java:583)
	at org.springframework.boot.SpringApplication.refresh(SpringApplication.java:731)
	at org.springframework.boot.SpringApplication.refreshContext(SpringApplication.java:408)
	at org.springframework.boot.SpringApplication.run(SpringApplication.java:307)
	at org.springframework.boot.test.context.SpringBootContextLoader.loadContext(SpringBootContextLoader.java:136)
	at org.springframework.test.context.cache.DefaultCacheAwareContextLoaderDelegate.loadContextInternal(DefaultCacheAwareContextLoaderDelegate.java:141)
	at org.springframework.test.context.cache.DefaultCacheAwareContextLoaderDelegate.loadContext(DefaultCacheAwareContextLoaderDelegate.java:90)
	... 27 common frames omitted
Caused by: org.springframework.beans.factory.NoSuchBeanDefinitionException: No qualifying bean of type 'site.mufen.domain.strategy.repository.IStrategyRepository' available: expected at least 1 bean which qualifies as autowire candidate. Dependency annotations: {@javax.annotation.Resource(shareable=true, lookup=, name=, description=, authenticationType=CONTAINER, type=class java.lang.Object, mappedName=)}
	at org.springframework.beans.factory.support.DefaultListableBeanFactory.raiseNoMatchingBeanFound(DefaultListableBeanFactory.java:1801)
	at org.springframework.beans.factory.support.DefaultListableBeanFactory.doResolveDependency(DefaultListableBeanFactory.java:1357)
	at org.springframework.beans.factory.support.DefaultListableBeanFactory.resolveDependency(DefaultListableBeanFactory.java:1311)
	at org.springframework.context.annotation.CommonAnnotationBeanPostProcessor.autowireResource(CommonAnnotationBeanPostProcessor.java:544)
	at org.springframework.context.annotation.CommonAnnotationBeanPostProcessor.getResource(CommonAnnotationBeanPostProcessor.java:520)
	at org.springframework.context.annotation.CommonAnnotationBeanPostProcessor$ResourceElement.getResourceToInject(CommonAnnotationBeanPostProcessor.java:673)
	at org.springframework.beans.factory.annotation.InjectionMetadata$InjectedElement.inject(InjectionMetadata.java:228)
	at org.springframework.beans.factory.annotation.InjectionMetadata.inject(InjectionMetadata.java:119)
	at org.springframework.context.annotation.CommonAnnotationBeanPostProcessor.postProcessProperties(CommonAnnotationBeanPostProcessor.java:329)
	... 43 common frames omitted
24-10-17.01:22:37.432 [main            ] INFO  StrategyArmoryTest     - Starting StrategyArmoryTest using Java 1.8.0_422 on myarch with PID 57311 (started by mufen in /home/mufen/Downloads/big-market/big-market-app)
24-10-17.01:22:37.433 [main            ] INFO  StrategyArmoryTest     - The following 1 profile is active: "dev"
24-10-17.01:22:38.463 [main            ] INFO  RepositoryConfigurationDelegate - Multiple Spring Data modules found, entering strict repository configuration mode
24-10-17.01:22:38.468 [main            ] INFO  RepositoryConfigurationDelegate - Bootstrapping Spring Data Redis repositories in DEFAULT mode.
24-10-17.01:22:38.496 [main            ] INFO  RepositoryConfigurationDelegate - Finished Spring Data repository scanning in 10 ms. Found 0 Redis repository interfaces.
24-10-17.01:22:40.173 [main            ] INFO  Version                - Redisson 3.23.4
24-10-17.01:22:40.406 [redisson-netty-2-4] INFO  MasterPubSubConnectionPool - 1 connections initialized for 127.0.0.1/127.0.0.1:16379
24-10-17.01:22:40.423 [redisson-netty-2-13] INFO  MasterConnectionPool   - 5 connections initialized for 127.0.0.1/127.0.0.1:16379
24-10-17.01:22:42.664 [main            ] INFO  EndpointLinksResolver  - Exposing 1 endpoint(s) beneath base path '/actuator'
24-10-17.01:22:42.852 [main            ] INFO  StrategyArmoryTest     - Started StrategyArmoryTest in 5.946 seconds (JVM running for 6.782)
24-10-17.01:22:43.073 [main            ] INFO  HikariDataSource       - HikariPool-1 - Starting...
24-10-17.01:22:43.253 [main            ] INFO  HikariDataSource       - HikariPool-1 - Start completed.
24-10-17.01:22:43.465 [SpringApplicationShutdownHook] INFO  HikariDataSource       - HikariPool-1 - Shutdown initiated...
24-10-17.01:22:43.477 [SpringApplicationShutdownHook] INFO  HikariDataSource       - HikariPool-1 - Shutdown completed.
24-10-17.01:22:53.723 [main            ] INFO  StrategyArmoryTest     - Starting StrategyArmoryTest using Java 1.8.0_422 on myarch with PID 57544 (started by mufen in /home/mufen/Downloads/big-market/big-market-app)
24-10-17.01:22:53.725 [main            ] INFO  StrategyArmoryTest     - The following 1 profile is active: "dev"
24-10-17.01:22:54.765 [main            ] INFO  RepositoryConfigurationDelegate - Multiple Spring Data modules found, entering strict repository configuration mode
24-10-17.01:22:54.769 [main            ] INFO  RepositoryConfigurationDelegate - Bootstrapping Spring Data Redis repositories in DEFAULT mode.
24-10-17.01:22:54.799 [main            ] INFO  RepositoryConfigurationDelegate - Finished Spring Data repository scanning in 10 ms. Found 0 Redis repository interfaces.
24-10-17.01:22:56.405 [main            ] INFO  Version                - Redisson 3.23.4
24-10-17.01:22:56.685 [redisson-netty-2-4] INFO  MasterPubSubConnectionPool - 1 connections initialized for 127.0.0.1/127.0.0.1:16379
24-10-17.01:22:56.705 [redisson-netty-2-13] INFO  MasterConnectionPool   - 5 connections initialized for 127.0.0.1/127.0.0.1:16379
24-10-17.01:22:59.584 [main            ] INFO  EndpointLinksResolver  - Exposing 1 endpoint(s) beneath base path '/actuator'
24-10-17.01:22:59.669 [main            ] INFO  StrategyArmoryTest     - Started StrategyArmoryTest in 6.491 seconds (JVM running for 7.305)
24-10-17.01:23:00.007 [main            ] INFO  StrategyArmoryTest     - 测试结果: 101 - 奖品ID值
24-10-17.01:23:00.010 [main            ] INFO  StrategyArmoryTest     - 测试结果: 101 - 奖品ID值
24-10-17.01:23:00.012 [main            ] INFO  StrategyArmoryTest     - 测试结果: 101 - 奖品ID值
24-10-17.16:45:23.081 [main            ] INFO  StrategyArmoryDispatchTest - Starting StrategyArmoryDispatchTest using Java 1.8.0_432 on myarch with PID 118788 (started by mufen in /home/mufen/Downloads/big-market/big-market-app)
24-10-17.16:45:23.082 [main            ] INFO  StrategyArmoryDispatchTest - The following 1 profile is active: "dev"
24-10-17.16:45:23.766 [main            ] INFO  RepositoryConfigurationDelegate - Multiple Spring Data modules found, entering strict repository configuration mode
24-10-17.16:45:23.769 [main            ] INFO  RepositoryConfigurationDelegate - Bootstrapping Spring Data Redis repositories in DEFAULT mode.
24-10-17.16:45:23.793 [main            ] INFO  RepositoryConfigurationDelegate - Finished Spring Data repository scanning in 10 ms. Found 0 Redis repository interfaces.
24-10-17.16:45:25.095 [main            ] INFO  Version                - Redisson 3.23.4
24-10-17.16:45:25.263 [redisson-netty-2-5] INFO  MasterPubSubConnectionPool - 1 connections initialized for 127.0.0.1/127.0.0.1:16379
24-10-17.16:45:25.280 [redisson-netty-2-13] INFO  MasterConnectionPool   - 5 connections initialized for 127.0.0.1/127.0.0.1:16379
24-10-17.16:45:26.963 [main            ] INFO  EndpointLinksResolver  - Exposing 1 endpoint(s) beneath base path '/actuator'
24-10-17.16:45:27.013 [main            ] INFO  StrategyArmoryDispatchTest - Started StrategyArmoryDispatchTest in 4.295 seconds (JVM running for 4.967)
24-10-17.16:45:27.259 [main            ] INFO  HikariDataSource       - HikariPool-1 - Starting...
24-10-17.16:45:27.436 [main            ] INFO  HikariDataSource       - HikariPool-1 - Start completed.
24-10-17.16:45:30.698 [SpringApplicationShutdownHook] INFO  HikariDataSource       - HikariPool-1 - Shutdown initiated...
24-10-17.16:45:30.710 [SpringApplicationShutdownHook] INFO  HikariDataSource       - HikariPool-1 - Shutdown completed.
24-10-17.16:46:04.228 [main            ] INFO  StrategyArmoryDispatchTest - Starting StrategyArmoryDispatchTest using Java 1.8.0_432 on myarch with PID 119079 (started by mufen in /home/mufen/Downloads/big-market/big-market-app)
24-10-17.16:46:04.230 [main            ] INFO  StrategyArmoryDispatchTest - The following 1 profile is active: "dev"
24-10-17.16:46:05.590 [main            ] INFO  RepositoryConfigurationDelegate - Multiple Spring Data modules found, entering strict repository configuration mode
24-10-17.16:46:05.597 [main            ] INFO  RepositoryConfigurationDelegate - Bootstrapping Spring Data Redis repositories in DEFAULT mode.
24-10-17.16:46:05.650 [main            ] INFO  RepositoryConfigurationDelegate - Finished Spring Data repository scanning in 21 ms. Found 0 Redis repository interfaces.
24-10-17.16:46:07.795 [main            ] INFO  Version                - Redisson 3.23.4
24-10-17.16:46:08.140 [redisson-netty-2-4] INFO  MasterPubSubConnectionPool - 1 connections initialized for 127.0.0.1/127.0.0.1:16379
24-10-17.16:46:08.165 [redisson-netty-2-13] INFO  MasterConnectionPool   - 5 connections initialized for 127.0.0.1/127.0.0.1:16379
24-10-17.16:46:10.432 [main            ] INFO  EndpointLinksResolver  - Exposing 1 endpoint(s) beneath base path '/actuator'
24-10-17.16:46:10.481 [main            ] INFO  StrategyArmoryDispatchTest - Started StrategyArmoryDispatchTest in 6.894 seconds (JVM running for 7.984)
24-10-17.16:46:13.844 [main            ] INFO  HikariDataSource       - HikariPool-1 - Starting...
24-10-17.16:46:14.000 [main            ] INFO  HikariDataSource       - HikariPool-1 - Start completed.
24-10-17.16:46:16.228 [main            ] INFO  StrategyArmoryDispatchTest - 测试结果: true
24-10-17.16:46:16.232 [main            ] INFO  StrategyArmoryDispatchTest - 测试结果: 104 - 奖品ID值
24-10-17.16:46:16.259 [SpringApplicationShutdownHook] INFO  HikariDataSource       - HikariPool-1 - Shutdown initiated...
24-10-17.16:46:16.268 [SpringApplicationShutdownHook] INFO  HikariDataSource       - HikariPool-1 - Shutdown completed.
24-10-17.16:47:43.860 [main            ] INFO  StrategyArmoryDispatchTest - Starting StrategyArmoryDispatchTest using Java 1.8.0_432 on myarch with PID 119607 (started by mufen in /home/mufen/Downloads/big-market/big-market-app)
24-10-17.16:47:43.862 [main            ] INFO  StrategyArmoryDispatchTest - The following 1 profile is active: "dev"
24-10-17.16:47:45.163 [main            ] INFO  RepositoryConfigurationDelegate - Multiple Spring Data modules found, entering strict repository configuration mode
24-10-17.16:47:45.168 [main            ] INFO  RepositoryConfigurationDelegate - Bootstrapping Spring Data Redis repositories in DEFAULT mode.
24-10-17.16:47:45.210 [main            ] INFO  RepositoryConfigurationDelegate - Finished Spring Data repository scanning in 17 ms. Found 0 Redis repository interfaces.
24-10-17.16:47:47.392 [main            ] INFO  Version                - Redisson 3.23.4
24-10-17.16:47:47.762 [redisson-netty-2-4] INFO  MasterPubSubConnectionPool - 1 connections initialized for 127.0.0.1/127.0.0.1:16379
24-10-17.16:47:47.809 [redisson-netty-2-13] INFO  MasterConnectionPool   - 5 connections initialized for 127.0.0.1/127.0.0.1:16379
24-10-17.16:47:49.875 [main            ] INFO  EndpointLinksResolver  - Exposing 1 endpoint(s) beneath base path '/actuator'
24-10-17.16:47:50.059 [main            ] INFO  StrategyArmoryDispatchTest - Started StrategyArmoryDispatchTest in 6.969 seconds (JVM running for 8.181)
24-10-17.16:47:52.814 [main            ] INFO  HikariDataSource       - HikariPool-1 - Starting...
24-10-17.16:47:52.968 [main            ] INFO  HikariDataSource       - HikariPool-1 - Start completed.
24-10-17.16:47:55.850 [main            ] INFO  StrategyArmoryDispatchTest - 测试结果: true
24-10-17.16:47:55.854 [main            ] INFO  StrategyArmoryDispatchTest - 测试结果: 101 - 4000 策略配置
24-10-17.16:47:55.856 [main            ] INFO  StrategyArmoryDispatchTest - 测试结果: 101 - 5000 策略配置
24-10-17.16:47:55.857 [main            ] INFO  StrategyArmoryDispatchTest - 测试结果: 101 - 6000 策略配置
24-10-17.16:47:55.885 [SpringApplicationShutdownHook] INFO  HikariDataSource       - HikariPool-1 - Shutdown initiated...
24-10-17.16:47:55.894 [SpringApplicationShutdownHook] INFO  HikariDataSource       - HikariPool-1 - Shutdown completed.
24-10-17.16:52:38.635 [main            ] INFO  StrategyArmoryDispatchTest - Starting StrategyArmoryDispatchTest using Java 1.8.0_432 on myarch with PID 120759 (started by mufen in /home/mufen/Downloads/big-market/big-market-app)
24-10-17.16:52:38.637 [main            ] INFO  StrategyArmoryDispatchTest - The following 1 profile is active: "dev"
24-10-17.16:52:39.859 [main            ] INFO  RepositoryConfigurationDelegate - Multiple Spring Data modules found, entering strict repository configuration mode
24-10-17.16:52:39.864 [main            ] INFO  RepositoryConfigurationDelegate - Bootstrapping Spring Data Redis repositories in DEFAULT mode.
24-10-17.16:52:39.908 [main            ] INFO  RepositoryConfigurationDelegate - Finished Spring Data repository scanning in 16 ms. Found 0 Redis repository interfaces.
24-10-17.16:52:42.171 [main            ] INFO  Version                - Redisson 3.23.4
24-10-17.16:52:42.564 [redisson-netty-2-4] INFO  MasterPubSubConnectionPool - 1 connections initialized for 127.0.0.1/127.0.0.1:16379
24-10-17.16:52:42.582 [redisson-netty-2-13] INFO  MasterConnectionPool   - 5 connections initialized for 127.0.0.1/127.0.0.1:16379
24-10-17.16:52:44.803 [main            ] INFO  EndpointLinksResolver  - Exposing 1 endpoint(s) beneath base path '/actuator'
24-10-17.16:52:44.852 [main            ] INFO  StrategyArmoryDispatchTest - Started StrategyArmoryDispatchTest in 6.911 seconds (JVM running for 8.02)
24-10-17.16:52:47.906 [main            ] INFO  HikariDataSource       - HikariPool-1 - Starting...
24-10-17.16:52:48.054 [main            ] INFO  HikariDataSource       - HikariPool-1 - Start completed.
24-10-17.16:52:50.921 [main            ] INFO  StrategyArmoryDispatchTest - 测试结果: true
24-10-17.16:52:50.925 [main            ] INFO  StrategyArmoryDispatchTest - 测试结果: 101 - 4000 策略配置
24-10-17.16:52:50.927 [main            ] INFO  StrategyArmoryDispatchTest - 测试结果: 101 - 5000 策略配置
24-10-17.16:52:50.928 [main            ] INFO  StrategyArmoryDispatchTest - 测试结果: 101 - 6000 策略配置
24-10-17.16:52:50.957 [SpringApplicationShutdownHook] INFO  HikariDataSource       - HikariPool-1 - Shutdown initiated...
24-10-17.16:52:50.966 [SpringApplicationShutdownHook] INFO  HikariDataSource       - HikariPool-1 - Shutdown completed.
24-10-17.17:07:39.123 [main            ] INFO  StrategyArmoryDispatchTest - Starting StrategyArmoryDispatchTest using Java 1.8.0_432 on myarch with PID 137150 (started by mufen in /home/mufen/Downloads/big-market/big-market-app)
24-10-17.17:07:39.125 [main            ] INFO  StrategyArmoryDispatchTest - The following 1 profile is active: "dev"
24-10-17.17:07:40.596 [main            ] INFO  RepositoryConfigurationDelegate - Multiple Spring Data modules found, entering strict repository configuration mode
24-10-17.17:07:40.601 [main            ] INFO  RepositoryConfigurationDelegate - Bootstrapping Spring Data Redis repositories in DEFAULT mode.
24-10-17.17:07:40.643 [main            ] INFO  RepositoryConfigurationDelegate - Finished Spring Data repository scanning in 16 ms. Found 0 Redis repository interfaces.
24-10-17.17:07:42.767 [main            ] INFO  Version                - Redisson 3.23.4
24-10-17.17:07:43.034 [redisson-netty-2-4] INFO  MasterPubSubConnectionPool - 1 connections initialized for 127.0.0.1/127.0.0.1:16379
24-10-17.17:07:43.054 [redisson-netty-2-13] INFO  MasterConnectionPool   - 5 connections initialized for 127.0.0.1/127.0.0.1:16379
24-10-17.17:07:45.093 [main            ] INFO  EndpointLinksResolver  - Exposing 1 endpoint(s) beneath base path '/actuator'
24-10-17.17:07:45.157 [main            ] INFO  StrategyArmoryDispatchTest - Started StrategyArmoryDispatchTest in 6.92 seconds (JVM running for 9.66)
24-10-17.17:16:36.149 [main            ] INFO  StrategyArmoryDispatchTest - Starting StrategyArmoryDispatchTest using Java 1.8.0_432 on myarch with PID 143003 (started by mufen in /home/mufen/Downloads/big-market/big-market-app)
24-10-17.17:16:36.152 [main            ] INFO  StrategyArmoryDispatchTest - The following 1 profile is active: "dev"
24-10-17.17:16:37.584 [main            ] INFO  RepositoryConfigurationDelegate - Multiple Spring Data modules found, entering strict repository configuration mode
24-10-17.17:16:37.591 [main            ] INFO  RepositoryConfigurationDelegate - Bootstrapping Spring Data Redis repositories in DEFAULT mode.
24-10-17.17:16:37.634 [main            ] INFO  RepositoryConfigurationDelegate - Finished Spring Data repository scanning in 17 ms. Found 0 Redis repository interfaces.
24-10-17.17:16:39.909 [main            ] INFO  Version                - Redisson 3.23.4
24-10-17.17:16:40.250 [redisson-netty-2-4] INFO  MasterPubSubConnectionPool - 1 connections initialized for 127.0.0.1/127.0.0.1:16379
24-10-17.17:16:40.272 [redisson-netty-2-13] INFO  MasterConnectionPool   - 5 connections initialized for 127.0.0.1/127.0.0.1:16379
24-10-17.17:16:42.212 [main            ] INFO  EndpointLinksResolver  - Exposing 1 endpoint(s) beneath base path '/actuator'
24-10-17.17:16:42.280 [main            ] INFO  StrategyArmoryDispatchTest - Started StrategyArmoryDispatchTest in 6.998 seconds (JVM running for 9.012)
24-10-17.17:16:54.489 [main            ] INFO  HikariDataSource       - HikariPool-1 - Starting...
24-10-17.17:16:56.271 [main            ] INFO  HikariDataSource       - HikariPool-1 - Start completed.
24-10-17.17:18:08.867 [SpringApplicationShutdownHook] INFO  HikariDataSource       - HikariPool-1 - Shutdown initiated...
24-10-17.17:18:08.882 [SpringApplicationShutdownHook] INFO  HikariDataSource       - HikariPool-1 - Shutdown completed.
24-10-17.19:08:52.724 [main            ] INFO  StrategyArmoryDispatchTest - Starting StrategyArmoryDispatchTest using Java 1.8.0_432 on myarch with PID 164645 (started by mufen in /home/mufen/Downloads/big-market/big-market-app)
24-10-17.19:08:52.725 [main            ] INFO  StrategyArmoryDispatchTest - The following 1 profile is active: "dev"
24-10-17.19:08:53.414 [main            ] INFO  RepositoryConfigurationDelegate - Multiple Spring Data modules found, entering strict repository configuration mode
24-10-17.19:08:53.417 [main            ] INFO  RepositoryConfigurationDelegate - Bootstrapping Spring Data Redis repositories in DEFAULT mode.
24-10-17.19:08:53.439 [main            ] INFO  RepositoryConfigurationDelegate - Finished Spring Data repository scanning in 8 ms. Found 0 Redis repository interfaces.
24-10-17.19:08:54.620 [main            ] INFO  Version                - Redisson 3.23.4
24-10-17.19:08:54.844 [redisson-netty-2-4] INFO  MasterPubSubConnectionPool - 1 connections initialized for 127.0.0.1/127.0.0.1:16379
24-10-17.19:08:54.862 [redisson-netty-2-13] INFO  MasterConnectionPool   - 5 connections initialized for 127.0.0.1/127.0.0.1:16379
24-10-17.19:08:56.719 [main            ] INFO  EndpointLinksResolver  - Exposing 1 endpoint(s) beneath base path '/actuator'
24-10-17.19:08:56.788 [main            ] INFO  StrategyArmoryDispatchTest - Started StrategyArmoryDispatchTest in 4.472 seconds (JVM running for 5.552)
24-10-17.19:11:28.110 [main            ] INFO  StrategyArmoryDispatchTest - Starting StrategyArmoryDispatchTest using Java 1.8.0_432 on myarch with PID 165420 (started by mufen in /home/mufen/Downloads/big-market/big-market-app)
24-10-17.19:11:28.111 [main            ] INFO  StrategyArmoryDispatchTest - The following 1 profile is active: "dev"
24-10-17.19:11:28.794 [main            ] INFO  RepositoryConfigurationDelegate - Multiple Spring Data modules found, entering strict repository configuration mode
24-10-17.19:11:28.797 [main            ] INFO  RepositoryConfigurationDelegate - Bootstrapping Spring Data Redis repositories in DEFAULT mode.
24-10-17.19:11:28.817 [main            ] INFO  RepositoryConfigurationDelegate - Finished Spring Data repository scanning in 8 ms. Found 0 Redis repository interfaces.
24-10-17.19:11:29.913 [main            ] INFO  Version                - Redisson 3.23.4
24-10-17.19:11:30.097 [redisson-netty-2-4] INFO  MasterPubSubConnectionPool - 1 connections initialized for 127.0.0.1/127.0.0.1:16379
24-10-17.19:11:30.112 [redisson-netty-2-13] INFO  MasterConnectionPool   - 5 connections initialized for 127.0.0.1/127.0.0.1:16379
24-10-17.19:11:31.870 [main            ] INFO  EndpointLinksResolver  - Exposing 1 endpoint(s) beneath base path '/actuator'
24-10-17.19:11:31.930 [main            ] INFO  StrategyArmoryDispatchTest - Started StrategyArmoryDispatchTest in 4.191 seconds (JVM running for 5.004)
24-10-17.19:11:37.419 [main            ] INFO  HikariDataSource       - HikariPool-1 - Starting...
24-10-17.19:11:38.232 [main            ] INFO  HikariDataSource       - HikariPool-1 - Start completed.
24-10-17.19:13:44.658 [HikariPool-1 housekeeper] WARN  HikariPool             - HikariPool-1 - Thread starvation or clock leap detected (housekeeper delta=55s936ms943µs149ns).
24-10-17.19:14:06.990 [main            ] INFO  StrategyArmoryDispatchTest - 测试结果: true
24-10-17.19:14:06.997 [main            ] INFO  StrategyArmoryDispatchTest - 测试结果: 105 - 奖品ID值
24-10-17.19:14:07.025 [SpringApplicationShutdownHook] INFO  HikariDataSource       - HikariPool-1 - Shutdown initiated...
24-10-17.19:14:07.034 [SpringApplicationShutdownHook] INFO  HikariDataSource       - HikariPool-1 - Shutdown completed.
24-10-17.19:14:33.418 [main            ] INFO  StrategyArmoryDispatchTest - Starting StrategyArmoryDispatchTest using Java 1.8.0_432 on myarch with PID 166258 (started by mufen in /home/mufen/Downloads/big-market/big-market-app)
24-10-17.19:14:33.419 [main            ] INFO  StrategyArmoryDispatchTest - The following 1 profile is active: "dev"
24-10-17.19:14:34.068 [main            ] INFO  RepositoryConfigurationDelegate - Multiple Spring Data modules found, entering strict repository configuration mode
24-10-17.19:14:34.071 [main            ] INFO  RepositoryConfigurationDelegate - Bootstrapping Spring Data Redis repositories in DEFAULT mode.
24-10-17.19:14:34.095 [main            ] INFO  RepositoryConfigurationDelegate - Finished Spring Data repository scanning in 9 ms. Found 0 Redis repository interfaces.
24-10-17.19:14:35.180 [main            ] INFO  Version                - Redisson 3.23.4
24-10-17.19:14:35.360 [redisson-netty-2-4] INFO  MasterPubSubConnectionPool - 1 connections initialized for 127.0.0.1/127.0.0.1:16379
24-10-17.19:14:35.376 [redisson-netty-2-13] INFO  MasterConnectionPool   - 5 connections initialized for 127.0.0.1/127.0.0.1:16379
24-10-17.19:14:37.086 [main            ] INFO  EndpointLinksResolver  - Exposing 1 endpoint(s) beneath base path '/actuator'
24-10-17.19:14:37.139 [main            ] INFO  StrategyArmoryDispatchTest - Started StrategyArmoryDispatchTest in 4.056 seconds (JVM running for 4.685)
24-10-17.19:14:37.416 [main            ] INFO  HikariDataSource       - HikariPool-1 - Starting...
24-10-17.19:14:37.569 [main            ] INFO  HikariDataSource       - HikariPool-1 - Start completed.
24-10-17.19:14:37.616 [main            ] INFO  StrategyArmoryDispatchTest - 测试结果: true
24-10-17.19:14:37.619 [main            ] INFO  StrategyArmoryDispatchTest - 测试结果: 101 - 4000 策略配置
24-10-17.19:14:37.621 [main            ] INFO  StrategyArmoryDispatchTest - 测试结果: 103 - 5000 策略配置
24-10-17.19:14:37.623 [main            ] INFO  StrategyArmoryDispatchTest - 测试结果: 101 - 6000 策略配置
24-10-17.19:14:37.654 [SpringApplicationShutdownHook] INFO  HikariDataSource       - HikariPool-1 - Shutdown initiated...
24-10-17.19:14:37.661 [SpringApplicationShutdownHook] INFO  HikariDataSource       - HikariPool-1 - Shutdown completed.
24-10-17.19:37:04.326 [main            ] INFO  StrategyArmoryDispatchTest - Starting StrategyArmoryDispatchTest using Java 1.8.0_432 on myarch with PID 170870 (started by mufen in /home/mufen/Downloads/big-market/big-market-app)
24-10-17.19:37:04.327 [main            ] INFO  StrategyArmoryDispatchTest - The following 1 profile is active: "dev"
24-10-17.19:37:05.046 [main            ] INFO  RepositoryConfigurationDelegate - Multiple Spring Data modules found, entering strict repository configuration mode
24-10-17.19:37:05.049 [main            ] INFO  RepositoryConfigurationDelegate - Bootstrapping Spring Data Redis repositories in DEFAULT mode.
24-10-17.19:37:05.072 [main            ] INFO  RepositoryConfigurationDelegate - Finished Spring Data repository scanning in 8 ms. Found 0 Redis repository interfaces.
24-10-17.19:37:06.275 [main            ] INFO  Version                - Redisson 3.23.4
24-10-17.19:37:06.507 [redisson-netty-2-4] INFO  MasterPubSubConnectionPool - 1 connections initialized for 127.0.0.1/127.0.0.1:16379
24-10-17.19:37:06.523 [redisson-netty-2-13] INFO  MasterConnectionPool   - 5 connections initialized for 127.0.0.1/127.0.0.1:16379
24-10-17.19:37:08.516 [main            ] INFO  EndpointLinksResolver  - Exposing 1 endpoint(s) beneath base path '/actuator'
24-10-17.19:37:08.582 [main            ] INFO  StrategyArmoryDispatchTest - Started StrategyArmoryDispatchTest in 4.666 seconds (JVM running for 5.764)
24-10-17.19:37:18.275 [main            ] INFO  HikariDataSource       - HikariPool-1 - Starting...
24-10-17.19:37:19.121 [main            ] INFO  HikariDataSource       - HikariPool-1 - Start completed.
24-10-17.19:39:30.979 [HikariPool-1 housekeeper] WARN  HikariPool             - HikariPool-1 - Thread starvation or clock leap detected (housekeeper delta=58s124ms937µs286ns).
24-10-17.19:40:35.647 [HikariPool-1 housekeeper] WARN  HikariPool             - HikariPool-1 - Thread starvation or clock leap detected (housekeeper delta=1m4s668ms100µs544ns).
24-10-17.19:40:35.656 [main            ] INFO  StrategyArmoryDispatchTest - 测试结果: true
24-10-17.19:40:35.662 [main            ] INFO  StrategyArmoryDispatchTest - 测试结果: 106 - 4000 策略配置
24-10-17.19:40:35.664 [main            ] INFO  StrategyArmoryDispatchTest - 测试结果: 103 - 5000 策略配置
24-10-17.19:40:35.665 [main            ] INFO  StrategyArmoryDispatchTest - 测试结果: 104 - 6000 策略配置
24-10-17.19:40:35.691 [SpringApplicationShutdownHook] INFO  HikariDataSource       - HikariPool-1 - Shutdown initiated...
24-10-17.19:40:35.700 [SpringApplicationShutdownHook] INFO  HikariDataSource       - HikariPool-1 - Shutdown completed.
24-10-17.19:41:00.342 [main            ] INFO  StrategyArmoryDispatchTest - Starting StrategyArmoryDispatchTest using Java 1.8.0_432 on myarch with PID 171974 (started by mufen in /home/mufen/Downloads/big-market/big-market-app)
24-10-17.19:41:00.343 [main            ] INFO  StrategyArmoryDispatchTest - The following 1 profile is active: "dev"
24-10-17.19:41:00.971 [main            ] INFO  RepositoryConfigurationDelegate - Multiple Spring Data modules found, entering strict repository configuration mode
24-10-17.19:41:00.973 [main            ] INFO  RepositoryConfigurationDelegate - Bootstrapping Spring Data Redis repositories in DEFAULT mode.
24-10-17.19:41:00.994 [main            ] INFO  RepositoryConfigurationDelegate - Finished Spring Data repository scanning in 8 ms. Found 0 Redis repository interfaces.
24-10-17.19:41:02.074 [main            ] INFO  Version                - Redisson 3.23.4
24-10-17.19:41:02.237 [redisson-netty-2-4] INFO  MasterPubSubConnectionPool - 1 connections initialized for 127.0.0.1/127.0.0.1:16379
24-10-17.19:41:02.250 [redisson-netty-2-13] INFO  MasterConnectionPool   - 5 connections initialized for 127.0.0.1/127.0.0.1:16379
24-10-17.19:41:03.929 [main            ] INFO  EndpointLinksResolver  - Exposing 1 endpoint(s) beneath base path '/actuator'
24-10-17.19:41:03.976 [main            ] INFO  StrategyArmoryDispatchTest - Started StrategyArmoryDispatchTest in 4.0 seconds (JVM running for 4.627)
24-10-17.19:41:04.159 [main            ] INFO  HikariDataSource       - HikariPool-1 - Starting...
24-10-17.19:41:04.310 [main            ] INFO  HikariDataSource       - HikariPool-1 - Start completed.
24-10-17.19:41:04.453 [main            ] INFO  StrategyArmoryDispatchTest - 测试结果: true
24-10-17.19:41:04.460 [main            ] INFO  StrategyArmoryDispatchTest - 测试结果: 107 - 奖品ID值
24-10-17.19:41:04.488 [SpringApplicationShutdownHook] INFO  HikariDataSource       - HikariPool-1 - Shutdown initiated...
24-10-17.19:41:04.496 [SpringApplicationShutdownHook] INFO  HikariDataSource       - HikariPool-1 - Shutdown completed.
24-10-17.19:41:20.725 [main            ] INFO  StrategyArmoryDispatchTest - Starting StrategyArmoryDispatchTest using Java 1.8.0_432 on myarch with PID 172157 (started by mufen in /home/mufen/Downloads/big-market/big-market-app)
24-10-17.19:41:20.726 [main            ] INFO  StrategyArmoryDispatchTest - The following 1 profile is active: "dev"
24-10-17.19:41:21.355 [main            ] INFO  RepositoryConfigurationDelegate - Multiple Spring Data modules found, entering strict repository configuration mode
24-10-17.19:41:21.357 [main            ] INFO  RepositoryConfigurationDelegate - Bootstrapping Spring Data Redis repositories in DEFAULT mode.
24-10-17.19:41:21.380 [main            ] INFO  RepositoryConfigurationDelegate - Finished Spring Data repository scanning in 9 ms. Found 0 Redis repository interfaces.
24-10-17.19:41:22.441 [main            ] INFO  Version                - Redisson 3.23.4
24-10-17.19:41:22.599 [redisson-netty-2-4] INFO  MasterPubSubConnectionPool - 1 connections initialized for 127.0.0.1/127.0.0.1:16379
24-10-17.19:41:22.612 [redisson-netty-2-13] INFO  MasterConnectionPool   - 5 connections initialized for 127.0.0.1/127.0.0.1:16379
24-10-17.19:41:24.256 [main            ] INFO  EndpointLinksResolver  - Exposing 1 endpoint(s) beneath base path '/actuator'
24-10-17.19:41:24.306 [main            ] INFO  StrategyArmoryDispatchTest - Started StrategyArmoryDispatchTest in 3.934 seconds (JVM running for 4.524)
24-10-17.19:41:24.597 [main            ] INFO  HikariDataSource       - HikariPool-1 - Starting...
24-10-17.19:41:24.746 [main            ] INFO  HikariDataSource       - HikariPool-1 - Start completed.
24-10-17.19:41:24.794 [main            ] INFO  StrategyArmoryDispatchTest - 测试结果: true
24-10-17.19:41:24.797 [main            ] INFO  StrategyArmoryDispatchTest - 测试结果: 104 - 4000 策略配置
24-10-17.19:41:24.798 [main            ] INFO  StrategyArmoryDispatchTest - 测试结果: 102 - 5000 策略配置
24-10-17.19:41:24.800 [main            ] INFO  StrategyArmoryDispatchTest - 测试结果: 101 - 6000 策略配置
24-10-17.19:41:24.828 [SpringApplicationShutdownHook] INFO  HikariDataSource       - HikariPool-1 - Shutdown initiated...
24-10-17.19:41:24.834 [SpringApplicationShutdownHook] INFO  HikariDataSource       - HikariPool-1 - Shutdown completed.
